{"/home/travis/build/npmtest/node-npmtest-needle/test.js":{"path":"/home/travis/build/npmtest/node-npmtest-needle/test.js","s":{"1":2,"2":2,"3":2,"4":2,"5":2,"6":2,"7":2,"8":1,"9":2,"10":2,"11":1,"12":1,"13":1,"14":1,"15":2,"16":2,"17":2,"18":2,"19":1,"20":1,"21":2,"22":2,"23":2,"24":1,"25":1,"26":1,"27":1,"28":1,"29":1,"30":1,"31":1,"32":1,"33":1,"34":1,"35":1,"36":2,"37":2,"38":1,"39":2,"40":2,"41":1,"42":2,"43":2,"44":1,"45":1,"46":1,"47":1,"48":1},"b":{"1":[2,1,1,1],"2":[1,1,1,1],"3":[1,1],"4":[1,1],"5":[1,1],"6":[1,1],"7":[1,1],"8":[1,1],"9":[1,1,1],"10":[1,1],"11":[1,1],"12":[1,1],"13":[1,1],"14":[1,1],"15":[1,1]},"f":{"1":2,"2":2,"3":2,"4":2,"5":2,"6":1,"7":1,"8":2,"9":2,"10":2,"11":1},"fnMap":{"1":{"name":"(anonymous_1)","line":12,"loc":{"start":{"line":12,"column":1},"end":{"line":12,"column":13}}},"2":{"name":"(anonymous_2)","line":19,"loc":{"start":{"line":19,"column":5},"end":{"line":19,"column":17}}},"3":{"name":"(anonymous_3)","line":23,"loc":{"start":{"line":23,"column":24},"end":{"line":23,"column":36}}},"4":{"name":"(anonymous_4)","line":61,"loc":{"start":{"line":61,"column":5},"end":{"line":61,"column":17}}},"5":{"name":"(anonymous_5)","line":82,"loc":{"start":{"line":82,"column":5},"end":{"line":82,"column":17}}},"6":{"name":"(anonymous_6)","line":102,"loc":{"start":{"line":102,"column":83},"end":{"line":105,"column":10}},"skip":true},"7":{"name":"(anonymous_7)","line":113,"loc":{"start":{"line":113,"column":77},"end":{"line":116,"column":10}},"skip":true},"8":{"name":"(anonymous_8)","line":127,"loc":{"start":{"line":127,"column":77},"end":{"line":130,"column":10}},"skip":true},"9":{"name":"(anonymous_9)","line":138,"loc":{"start":{"line":138,"column":83},"end":{"line":141,"column":10}},"skip":true},"10":{"name":"(anonymous_10)","line":149,"loc":{"start":{"line":149,"column":79},"end":{"line":152,"column":10}},"skip":true},"11":{"name":"(anonymous_11)","line":160,"loc":{"start":{"line":160,"column":75},"end":{"line":163,"column":10}},"skip":true}},"statementMap":{"1":{"start":{"line":12,"column":0},"end":{"line":175,"column":5}},"2":{"start":{"line":14,"column":4},"end":{"line":14,"column":14}},"3":{"start":{"line":19,"column":4},"end":{"line":56,"column":9}},"4":{"start":{"line":21,"column":8},"end":{"line":21,"column":19}},"5":{"start":{"line":23,"column":8},"end":{"line":35,"column":13}},"6":{"start":{"line":24,"column":12},"end":{"line":34,"column":13}},"7":{"start":{"line":25,"column":16},"end":{"line":28,"column":30}},"8":{"start":{"line":30,"column":16},"end":{"line":33,"column":27}},"9":{"start":{"line":37,"column":8},"end":{"line":39,"column":21}},"10":{"start":{"line":40,"column":8},"end":{"line":53,"column":9}},"11":{"start":{"line":43,"column":12},"end":{"line":46,"column":14}},"12":{"start":{"line":47,"column":12},"end":{"line":47,"column":18}},"13":{"start":{"line":50,"column":12},"end":{"line":51,"column":46}},"14":{"start":{"line":52,"column":12},"end":{"line":52,"column":18}},"15":{"start":{"line":55,"column":8},"end":{"line":55,"column":35}},"16":{"start":{"line":61,"column":4},"end":{"line":63,"column":9}},"17":{"start":{"line":62,"column":8},"end":{"line":62,"column":15}},"18":{"start":{"line":64,"column":4},"end":{"line":77,"column":5}},"19":{"start":{"line":70,"column":8},"end":{"line":70,"column":14}},"20":{"start":{"line":76,"column":8},"end":{"line":76,"column":14}},"21":{"start":{"line":82,"column":4},"end":{"line":84,"column":9}},"22":{"start":{"line":83,"column":8},"end":{"line":83,"column":15}},"23":{"start":{"line":85,"column":4},"end":{"line":174,"column":5}},"24":{"start":{"line":92,"column":8},"end":{"line":94,"column":63}},"25":{"start":{"line":95,"column":8},"end":{"line":95,"column":14}},"26":{"start":{"line":102,"column":8},"end":{"line":111,"column":10},"skip":true},"27":{"start":{"line":109,"column":12},"end":{"line":109,"column":55},"skip":true},"28":{"start":{"line":110,"column":12},"end":{"line":110,"column":48},"skip":true},"29":{"start":{"line":113,"column":8},"end":{"line":125,"column":10},"skip":true},"30":{"start":{"line":120,"column":12},"end":{"line":120,"column":76},"skip":true},"31":{"start":{"line":121,"column":12},"end":{"line":121,"column":73},"skip":true},"32":{"start":{"line":122,"column":12},"end":{"line":122,"column":74},"skip":true},"33":{"start":{"line":123,"column":12},"end":{"line":123,"column":25},"skip":true},"34":{"start":{"line":124,"column":12},"end":{"line":124,"column":45},"skip":true},"35":{"start":{"line":127,"column":8},"end":{"line":136,"column":10},"skip":true},"36":{"start":{"line":134,"column":12},"end":{"line":134,"column":25},"skip":true},"37":{"start":{"line":135,"column":12},"end":{"line":135,"column":45},"skip":true},"38":{"start":{"line":138,"column":8},"end":{"line":147,"column":10},"skip":true},"39":{"start":{"line":145,"column":12},"end":{"line":145,"column":25},"skip":true},"40":{"start":{"line":146,"column":12},"end":{"line":146,"column":48},"skip":true},"41":{"start":{"line":149,"column":8},"end":{"line":158,"column":10},"skip":true},"42":{"start":{"line":156,"column":12},"end":{"line":156,"column":25},"skip":true},"43":{"start":{"line":157,"column":12},"end":{"line":157,"column":46},"skip":true},"44":{"start":{"line":160,"column":8},"end":{"line":169,"column":10},"skip":true},"45":{"start":{"line":167,"column":12},"end":{"line":167,"column":94},"skip":true},"46":{"start":{"line":168,"column":12},"end":{"line":168,"column":48},"skip":true},"47":{"start":{"line":172,"column":8},"end":{"line":172,"column":35},"skip":true},"48":{"start":{"line":173,"column":8},"end":{"line":173,"column":14},"skip":true}},"branchMap":{"1":{"line":25,"type":"binary-expr","locations":[{"start":{"line":25,"column":23},"end":{"line":25,"column":62}},{"start":{"line":26,"column":20},"end":{"line":26,"column":70}},{"start":{"line":27,"column":20},"end":{"line":27,"column":71}},{"start":{"line":28,"column":20},"end":{"line":28,"column":29}}]},"2":{"line":30,"type":"binary-expr","locations":[{"start":{"line":30,"column":23},"end":{"line":30,"column":37}},{"start":{"line":31,"column":20},"end":{"line":31,"column":61}},{"start":{"line":32,"column":20},"end":{"line":32,"column":70}},{"start":{"line":33,"column":20},"end":{"line":33,"column":26}}]},"3":{"line":37,"type":"cond-expr","locations":[{"start":{"line":38,"column":14},"end":{"line":38,"column":20}},{"start":{"line":39,"column":14},"end":{"line":39,"column":20}}]},"4":{"line":40,"type":"switch","locations":[{"start":{"line":42,"column":8},"end":{"line":47,"column":18}},{"start":{"line":49,"column":8},"end":{"line":52,"column":18}}]},"5":{"line":44,"type":"binary-expr","locations":[{"start":{"line":44,"column":16},"end":{"line":44,"column":44}},{"start":{"line":44,"column":48},"end":{"line":44,"column":66}}]},"6":{"line":50,"type":"binary-expr","locations":[{"start":{"line":50,"column":21},"end":{"line":50,"column":49}},{"start":{"line":50,"column":53},"end":{"line":50,"column":72}}]},"7":{"line":64,"type":"switch","locations":[{"start":{"line":69,"column":4},"end":{"line":70,"column":14}},{"start":{"line":75,"column":4},"end":{"line":76,"column":14}}]},"8":{"line":85,"type":"switch","locations":[{"start":{"line":90,"column":4},"end":{"line":95,"column":14}},{"start":{"line":101,"column":4},"end":{"line":173,"column":14},"skip":true}]},"9":{"line":92,"type":"binary-expr","locations":[{"start":{"line":92,"column":18},"end":{"line":92,"column":32}},{"start":{"line":93,"column":12},"end":{"line":93,"column":53}},{"start":{"line":94,"column":12},"end":{"line":94,"column":61}}]},"10":{"line":102,"type":"binary-expr","locations":[{"start":{"line":102,"column":45},"end":{"line":102,"column":79},"skip":true},{"start":{"line":102,"column":83},"end":{"line":111,"column":9},"skip":true}]},"11":{"line":113,"type":"binary-expr","locations":[{"start":{"line":113,"column":42},"end":{"line":113,"column":73},"skip":true},{"start":{"line":113,"column":77},"end":{"line":125,"column":9},"skip":true}]},"12":{"line":127,"type":"binary-expr","locations":[{"start":{"line":127,"column":42},"end":{"line":127,"column":73},"skip":true},{"start":{"line":127,"column":77},"end":{"line":136,"column":9},"skip":true}]},"13":{"line":138,"type":"binary-expr","locations":[{"start":{"line":138,"column":45},"end":{"line":138,"column":79},"skip":true},{"start":{"line":138,"column":83},"end":{"line":147,"column":9},"skip":true}]},"14":{"line":149,"type":"binary-expr","locations":[{"start":{"line":149,"column":43},"end":{"line":149,"column":75},"skip":true},{"start":{"line":149,"column":79},"end":{"line":158,"column":9},"skip":true}]},"15":{"line":160,"type":"binary-expr","locations":[{"start":{"line":160,"column":41},"end":{"line":160,"column":71},"skip":true},{"start":{"line":160,"column":75},"end":{"line":169,"column":9},"skip":true}]}},"code":["/* istanbul instrument in package npmtest_needle */","/*jslint","    bitwise: true,","    browser: true,","    maxerr: 8,","    maxlen: 96,","    node: true,","    nomen: true,","    regexp: true,","    stupid: true","*/","(function () {","    'use strict';","    var local;","","","","    // run shared js-env code - pre-init","    (function () {","        // init local","        local = {};","        // init modeJs","        local.modeJs = (function () {","            try {","                return typeof navigator.userAgent === 'string' &&","                    typeof document.querySelector('body') === 'object' &&","                    typeof XMLHttpRequest.prototype.open === 'function' &&","                    'browser';","            } catch (errorCaughtBrowser) {","                return module.exports &&","                    typeof process.versions.node === 'string' &&","                    typeof require('http').createServer === 'function' &&","                    'node';","            }","        }());","        // init global","        local.global = local.modeJs === 'browser'","            ? window","            : global;","        switch (local.modeJs) {","        // re-init local from window.local","        case 'browser':","            local = local.global.utility2.objectSetDefault(","                local.global.utility2_rollup || local.global.local,","                local.global.utility2","            );","            break;","        // re-init local from example.js","        case 'node':","            local = (local.global.utility2_rollup || require('utility2'))","                .requireExampleJsFromReadme();","            break;","        }","        // export local","        local.global.local = local;","    }());","","","","    // run shared js-env code - function","    (function () {","        return;","    }());","    switch (local.modeJs) {","","","","    // run browser js-env code - function","    case 'browser':","        break;","","","","    // run node js-env code - function","    case 'node':","        break;","    }","","","","    // run shared js-env code - post-init","    (function () {","        return;","    }());","    switch (local.modeJs) {","","","","    // run browser js-env code - post-init","    case 'browser':","        // run tests","        local.nop(local.modeTest &&","            document.querySelector('#testRunButton1') &&","            document.querySelector('#testRunButton1').click());","        break;","","","","    // run node js-env code - post-init","    /* istanbul ignore next */","    case 'node':","        local.testCase_buildApidoc_default = local.testCase_buildApidoc_default || function (","            options,","            onError","        ) {","        /*","         * this function will test buildApidoc's default handling-behavior-behavior","         */","            options = { modulePathList: module.paths };","            local.buildApidoc(options, onError);","        };","","        local.testCase_buildApp_default = local.testCase_buildApp_default || function (","            options,","            onError","        ) {","        /*","         * this function will test buildApp's default handling-behavior-behavior","         */","            local.testCase_buildReadme_default(options, local.onErrorThrow);","            local.testCase_buildLib_default(options, local.onErrorThrow);","            local.testCase_buildTest_default(options, local.onErrorThrow);","            options = [];","            local.buildApp(options, onError);","        };","","        local.testCase_buildLib_default = local.testCase_buildLib_default || function (","            options,","            onError","        ) {","        /*","         * this function will test buildLib's default handling-behavior","         */","            options = {};","            local.buildLib(options, onError);","        };","","        local.testCase_buildReadme_default = local.testCase_buildReadme_default || function (","            options,","            onError","        ) {","        /*","         * this function will test buildReadme's default handling-behavior-behavior","         */","            options = {};","            local.buildReadme(options, onError);","        };","","        local.testCase_buildTest_default = local.testCase_buildTest_default || function (","            options,","            onError","        ) {","        /*","         * this function will test buildTest's default handling-behavior","         */","            options = {};","            local.buildTest(options, onError);","        };","","        local.testCase_webpage_default = local.testCase_webpage_default || function (","            options,","            onError","        ) {","        /*","         * this function will test webpage's default handling-behavior","         */","            options = { modeCoverageMerge: true, url: local.serverLocalHost + '?modeTest=1' };","            local.browserTest(options, onError);","        };","","        // run test-server","        local.testRunServer(local);","        break;","    }","}());",""],"l":{"12":2,"14":2,"19":2,"21":2,"23":2,"24":2,"25":2,"30":1,"37":2,"40":2,"43":1,"47":1,"50":1,"52":1,"55":2,"61":2,"62":2,"64":2,"70":1,"76":1,"82":2,"83":2,"85":2,"92":1,"95":1,"102":1,"109":1,"110":1,"113":1,"120":1,"121":1,"122":1,"123":1,"124":1,"127":1,"134":2,"135":2,"138":1,"145":2,"146":2,"149":1,"156":2,"157":2,"160":1,"167":1,"168":1,"172":1,"173":1}},"/home/travis/build/npmtest/node-npmtest-needle/lib.npmtest_needle.js":{"path":"/home/travis/build/npmtest/node-npmtest-needle/lib.npmtest_needle.js","s":{"1":2,"2":2,"3":2,"4":2,"5":2,"6":2,"7":2,"8":1,"9":2,"10":2,"11":2,"12":2,"13":1,"14":1,"15":1,"16":1},"b":{"1":[2,1,1,1],"2":[1,1,1,1],"3":[1,1],"4":[2,2],"5":[1,1]},"f":{"1":2,"2":2,"3":2},"fnMap":{"1":{"name":"(anonymous_1)","line":12,"loc":{"start":{"line":12,"column":1},"end":{"line":12,"column":13}}},"2":{"name":"(anonymous_2)","line":19,"loc":{"start":{"line":19,"column":5},"end":{"line":19,"column":17}}},"3":{"name":"(anonymous_3)","line":23,"loc":{"start":{"line":23,"column":24},"end":{"line":23,"column":36}}}},"statementMap":{"1":{"start":{"line":12,"column":0},"end":{"line":53,"column":5}},"2":{"start":{"line":14,"column":4},"end":{"line":14,"column":14}},"3":{"start":{"line":19,"column":4},"end":{"line":52,"column":9}},"4":{"start":{"line":21,"column":8},"end":{"line":21,"column":19}},"5":{"start":{"line":23,"column":8},"end":{"line":35,"column":13}},"6":{"start":{"line":24,"column":12},"end":{"line":34,"column":13}},"7":{"start":{"line":25,"column":16},"end":{"line":28,"column":30}},"8":{"start":{"line":30,"column":16},"end":{"line":33,"column":27}},"9":{"start":{"line":37,"column":8},"end":{"line":39,"column":21}},"10":{"start":{"line":41,"column":8},"end":{"line":41,"column":54}},"11":{"start":{"line":43,"column":8},"end":{"line":43,"column":51}},"12":{"start":{"line":45,"column":8},"end":{"line":51,"column":9}},"13":{"start":{"line":46,"column":12},"end":{"line":46,"column":57}},"14":{"start":{"line":48,"column":12},"end":{"line":48,"column":35}},"15":{"start":{"line":49,"column":12},"end":{"line":49,"column":49}},"16":{"start":{"line":50,"column":12},"end":{"line":50,"column":43}}},"branchMap":{"1":{"line":25,"type":"binary-expr","locations":[{"start":{"line":25,"column":23},"end":{"line":25,"column":62}},{"start":{"line":26,"column":20},"end":{"line":26,"column":70}},{"start":{"line":27,"column":20},"end":{"line":27,"column":71}},{"start":{"line":28,"column":20},"end":{"line":28,"column":29}}]},"2":{"line":30,"type":"binary-expr","locations":[{"start":{"line":30,"column":23},"end":{"line":30,"column":37}},{"start":{"line":31,"column":20},"end":{"line":31,"column":61}},{"start":{"line":32,"column":20},"end":{"line":32,"column":70}},{"start":{"line":33,"column":20},"end":{"line":33,"column":26}}]},"3":{"line":37,"type":"cond-expr","locations":[{"start":{"line":38,"column":14},"end":{"line":38,"column":20}},{"start":{"line":39,"column":14},"end":{"line":39,"column":20}}]},"4":{"line":41,"type":"binary-expr","locations":[{"start":{"line":41,"column":16},"end":{"line":41,"column":44}},{"start":{"line":41,"column":48},"end":{"line":41,"column":53}}]},"5":{"line":45,"type":"if","locations":[{"start":{"line":45,"column":8},"end":{"line":45,"column":8}},{"start":{"line":45,"column":8},"end":{"line":45,"column":8}}]}},"code":["/* istanbul instrument in package npmtest_needle */","/*jslint","    bitwise: true,","    browser: true,","    maxerr: 8,","    maxlen: 96,","    node: true,","    nomen: true,","    regexp: true,","    stupid: true","*/","(function () {","    'use strict';","    var local;","","","","    // run shared js-env code - pre-init","    (function () {","        // init local","        local = {};","        // init modeJs","        local.modeJs = (function () {","            try {","                return typeof navigator.userAgent === 'string' &&","                    typeof document.querySelector('body') === 'object' &&","                    typeof XMLHttpRequest.prototype.open === 'function' &&","                    'browser';","            } catch (errorCaughtBrowser) {","                return module.exports &&","                    typeof process.versions.node === 'string' &&","                    typeof require('http').createServer === 'function' &&","                    'node';","            }","        }());","        // init global","        local.global = local.modeJs === 'browser'","            ? window","            : global;","        // init utility2_rollup","        local = local.global.utility2_rollup || local;","        // init lib","        local.local = local.npmtest_needle = local;","        // init exports","        if (local.modeJs === 'browser') {","            local.global.utility2_npmtest_needle = local;","        } else {","            module.exports = local;","            module.exports.__dirname = __dirname;","            module.exports.module = module;","        }","    }());","}());",""],"l":{"12":2,"14":2,"19":2,"21":2,"23":2,"24":2,"25":2,"30":1,"37":2,"41":2,"43":2,"45":2,"46":1,"48":1,"49":1,"50":1}},"/home/travis/build/npmtest/node-npmtest-needle/example.js":{"path":"/home/travis/build/npmtest/node-npmtest-needle/example.js","s":{"1":2,"2":2,"3":2,"4":2,"5":2,"6":2,"7":2,"8":1,"9":2,"10":2,"11":2,"12":2,"13":1,"14":2,"15":2,"16":2,"17":2,"18":2,"19":0,"20":2,"21":1,"22":1,"23":1,"24":1,"25":1,"26":0,"27":0,"28":1,"29":1,"30":2,"31":0,"32":0,"33":0,"34":1,"35":2,"36":2,"37":2,"38":2,"39":2,"40":2,"41":0,"42":2,"43":2,"44":2,"45":1,"46":3,"47":1,"48":1,"49":1,"50":1,"51":1,"52":1,"53":1,"54":1,"55":1,"56":1,"57":0,"58":1,"59":6,"60":6,"61":1,"62":2,"63":0,"64":2,"65":1,"66":1,"67":0,"68":0,"69":0,"70":0,"71":0,"72":0,"73":0,"74":0,"75":0,"76":0,"77":0,"78":0,"79":0,"80":0,"81":0,"82":0,"83":0},"b":{"1":[2,1,1,1],"2":[1,1,1,1],"3":[1,1],"4":[2,2],"5":[1,1],"6":[1,1],"7":[2,0],"8":[2,1,1,1,1,1],"9":[0,2,0],"10":[1,1],"11":[2,1,1],"12":[1,0],"13":[0,2],"14":[2,0,0,0,0,0,0],"15":[0,2],"16":[2,0],"17":[1,1],"18":[0,1],"19":[1,2,0,2],"20":[1,0],"21":[1,1],"22":[0,0],"23":[0,0],"24":[0,0],"25":[0,0],"26":[0,0],"27":[0,0],"28":[0,0]},"f":{"1":2,"2":2,"3":2,"4":2,"5":2,"6":2,"7":2,"8":2,"9":3,"10":1,"11":6,"12":0},"fnMap":{"1":{"name":"(anonymous_1)","line":26,"loc":{"start":{"line":26,"column":1},"end":{"line":26,"column":13}}},"2":{"name":"(anonymous_2)","line":33,"loc":{"start":{"line":33,"column":5},"end":{"line":33,"column":17}}},"3":{"name":"(anonymous_3)","line":37,"loc":{"start":{"line":37,"column":24},"end":{"line":37,"column":36}}},"4":{"name":"(anonymous_4)","line":69,"loc":{"start":{"line":69,"column":31},"end":{"line":69,"column":48}},"skip":true},"5":{"name":"(anonymous_5)","line":78,"loc":{"start":{"line":78,"column":26},"end":{"line":78,"column":45}},"skip":true},"6":{"name":"(anonymous_6)","line":123,"loc":{"start":{"line":123,"column":33},"end":{"line":123,"column":48}},"skip":true},"7":{"name":"(anonymous_7)","line":125,"loc":{"start":{"line":125,"column":27},"end":{"line":125,"column":39}},"skip":true},"8":{"name":"(anonymous_8)","line":133,"loc":{"start":{"line":133,"column":59},"end":{"line":133,"column":74}},"skip":true},"9":{"name":"(anonymous_9)","line":143,"loc":{"start":{"line":143,"column":45},"end":{"line":143,"column":62}},"skip":true},"10":{"name":"(anonymous_10)","line":144,"loc":{"start":{"line":144,"column":73},"end":{"line":144,"column":92}},"skip":true},"11":{"name":"(anonymous_11)","line":272,"loc":{"start":{"line":272,"column":51},"end":{"line":272,"column":77}},"skip":true},"12":{"name":"(anonymous_12)","line":314,"loc":{"start":{"line":314,"column":32},"end":{"line":314,"column":61}},"skip":true}},"statementMap":{"1":{"start":{"line":26,"column":0},"end":{"line":325,"column":5}},"2":{"start":{"line":28,"column":4},"end":{"line":28,"column":14}},"3":{"start":{"line":33,"column":4},"end":{"line":60,"column":9}},"4":{"start":{"line":35,"column":8},"end":{"line":35,"column":19}},"5":{"start":{"line":37,"column":8},"end":{"line":49,"column":13}},"6":{"start":{"line":38,"column":12},"end":{"line":48,"column":13}},"7":{"start":{"line":39,"column":16},"end":{"line":42,"column":30}},"8":{"start":{"line":44,"column":16},"end":{"line":47,"column":27}},"9":{"start":{"line":51,"column":8},"end":{"line":53,"column":21}},"10":{"start":{"line":55,"column":8},"end":{"line":57,"column":45}},"11":{"start":{"line":59,"column":8},"end":{"line":59,"column":35}},"12":{"start":{"line":61,"column":4},"end":{"line":324,"column":5}},"13":{"start":{"line":69,"column":8},"end":{"line":121,"column":10},"skip":true},"14":{"start":{"line":70,"column":12},"end":{"line":88,"column":13},"skip":true},"15":{"start":{"line":76,"column":16},"end":{"line":87,"column":19},"skip":true},"16":{"start":{"line":79,"column":20},"end":{"line":86,"column":21},"skip":true},"17":{"start":{"line":82,"column":24},"end":{"line":82,"column":43},"skip":true},"18":{"start":{"line":83,"column":24},"end":{"line":83,"column":30},"skip":true},"19":{"start":{"line":85,"column":24},"end":{"line":85,"column":49},"skip":true},"20":{"start":{"line":89,"column":12},"end":{"line":107,"column":13},"skip":true},"21":{"start":{"line":92,"column":16},"end":{"line":102,"column":17},"skip":true},"22":{"start":{"line":93,"column":20},"end":{"line":93,"column":86},"skip":true},"23":{"start":{"line":94,"column":20},"end":{"line":95,"column":45},"skip":true},"24":{"start":{"line":96,"column":20},"end":{"line":96,"column":42},"skip":true},"25":{"start":{"line":97,"column":20},"end":{"line":97,"column":48},"skip":true},"26":{"start":{"line":100,"column":20},"end":{"line":100,"column":85},"skip":true},"27":{"start":{"line":101,"column":20},"end":{"line":101,"column":96},"skip":true},"28":{"start":{"line":103,"column":16},"end":{"line":103,"column":22},"skip":true},"29":{"start":{"line":106,"column":16},"end":{"line":106,"column":22},"skip":true},"30":{"start":{"line":108,"column":12},"end":{"line":120,"column":13},"skip":true},"31":{"start":{"line":114,"column":16},"end":{"line":119,"column":17},"skip":true},"32":{"start":{"line":116,"column":20},"end":{"line":116,"column":78},"skip":true},"33":{"start":{"line":118,"column":20},"end":{"line":118,"column":53},"skip":true},"34":{"start":{"line":123,"column":8},"end":{"line":141,"column":11},"skip":true},"35":{"start":{"line":124,"column":12},"end":{"line":124,"column":54},"skip":true},"36":{"start":{"line":125,"column":12},"end":{"line":140,"column":14},"skip":true},"37":{"start":{"line":126,"column":16},"end":{"line":126,"column":28},"skip":true},"38":{"start":{"line":127,"column":16},"end":{"line":127,"column":69},"skip":true},"39":{"start":{"line":128,"column":16},"end":{"line":128,"column":75},"skip":true},"40":{"start":{"line":129,"column":16},"end":{"line":131,"column":17},"skip":true},"41":{"start":{"line":130,"column":20},"end":{"line":130,"column":27},"skip":true},"42":{"start":{"line":133,"column":16},"end":{"line":137,"column":36},"skip":true},"43":{"start":{"line":134,"column":20},"end":{"line":136,"column":55},"skip":true},"44":{"start":{"line":139,"column":16},"end":{"line":139,"column":57},"skip":true},"45":{"start":{"line":143,"column":8},"end":{"line":147,"column":11},"skip":true},"46":{"start":{"line":144,"column":12},"end":{"line":146,"column":15},"skip":true},"47":{"start":{"line":145,"column":16},"end":{"line":145,"column":70},"skip":true},"48":{"start":{"line":149,"column":8},"end":{"line":149,"column":31},"skip":true},"49":{"start":{"line":150,"column":8},"end":{"line":150,"column":14},"skip":true},"50":{"start":{"line":158,"column":8},"end":{"line":158,"column":31},"skip":true},"51":{"start":{"line":160,"column":8},"end":{"line":160,"column":33},"skip":true},"52":{"start":{"line":161,"column":8},"end":{"line":161,"column":37},"skip":true},"53":{"start":{"line":162,"column":8},"end":{"line":162,"column":35},"skip":true},"54":{"start":{"line":164,"column":8},"end":{"line":164,"column":50},"skip":true},"55":{"start":{"line":166,"column":8},"end":{"line":256,"column":2},"skip":true},"56":{"start":{"line":258,"column":8},"end":{"line":286,"column":9},"skip":true},"57":{"start":{"line":259,"column":12},"end":{"line":269,"column":14},"skip":true},"58":{"start":{"line":271,"column":12},"end":{"line":285,"column":19},"skip":true},"59":{"start":{"line":274,"column":20},"end":{"line":274,"column":35},"skip":true},"60":{"start":{"line":275,"column":20},"end":{"line":284,"column":21},"skip":true},"61":{"start":{"line":277,"column":24},"end":{"line":277,"column":64},"skip":true},"62":{"start":{"line":279,"column":24},"end":{"line":279,"column":40},"skip":true},"63":{"start":{"line":281,"column":24},"end":{"line":281,"column":40},"skip":true},"64":{"start":{"line":283,"column":24},"end":{"line":283,"column":39},"skip":true},"65":{"start":{"line":288,"column":8},"end":{"line":290,"column":9},"skip":true},"66":{"start":{"line":289,"column":12},"end":{"line":289,"column":18},"skip":true},"67":{"start":{"line":291,"column":8},"end":{"line":293,"column":54},"skip":true},"68":{"start":{"line":294,"column":8},"end":{"line":301,"column":37},"skip":true},"69":{"start":{"line":302,"column":8},"end":{"line":302,"column":82},"skip":true},"70":{"start":{"line":305,"column":8},"end":{"line":307,"column":9},"skip":true},"71":{"start":{"line":306,"column":12},"end":{"line":306,"column":82},"skip":true},"72":{"start":{"line":309,"column":8},"end":{"line":311,"column":9},"skip":true},"73":{"start":{"line":310,"column":12},"end":{"line":310,"column":18},"skip":true},"74":{"start":{"line":312,"column":8},"end":{"line":312,"column":54},"skip":true},"75":{"start":{"line":313,"column":8},"end":{"line":313,"column":69},"skip":true},"76":{"start":{"line":314,"column":8},"end":{"line":322,"column":36},"skip":true},"77":{"start":{"line":315,"column":12},"end":{"line":315,"column":61},"skip":true},"78":{"start":{"line":316,"column":12},"end":{"line":319,"column":13},"skip":true},"79":{"start":{"line":317,"column":16},"end":{"line":317,"column":75},"skip":true},"80":{"start":{"line":318,"column":16},"end":{"line":318,"column":23},"skip":true},"81":{"start":{"line":320,"column":12},"end":{"line":320,"column":38},"skip":true},"82":{"start":{"line":321,"column":12},"end":{"line":321,"column":27},"skip":true},"83":{"start":{"line":323,"column":8},"end":{"line":323,"column":14},"skip":true}},"branchMap":{"1":{"line":39,"type":"binary-expr","locations":[{"start":{"line":39,"column":23},"end":{"line":39,"column":62}},{"start":{"line":40,"column":20},"end":{"line":40,"column":70}},{"start":{"line":41,"column":20},"end":{"line":41,"column":71}},{"start":{"line":42,"column":20},"end":{"line":42,"column":29}}]},"2":{"line":44,"type":"binary-expr","locations":[{"start":{"line":44,"column":23},"end":{"line":44,"column":37}},{"start":{"line":45,"column":20},"end":{"line":45,"column":61}},{"start":{"line":46,"column":20},"end":{"line":46,"column":70}},{"start":{"line":47,"column":20},"end":{"line":47,"column":26}}]},"3":{"line":51,"type":"cond-expr","locations":[{"start":{"line":52,"column":14},"end":{"line":52,"column":20}},{"start":{"line":53,"column":14},"end":{"line":53,"column":20}}]},"4":{"line":55,"type":"binary-expr","locations":[{"start":{"line":55,"column":16},"end":{"line":55,"column":44}},{"start":{"line":55,"column":49},"end":{"line":57,"column":43}}]},"5":{"line":55,"type":"cond-expr","locations":[{"start":{"line":56,"column":14},"end":{"line":56,"column":50}},{"start":{"line":57,"column":14},"end":{"line":57,"column":43}}]},"6":{"line":61,"type":"switch","locations":[{"start":{"line":68,"column":4},"end":{"line":150,"column":14},"skip":true},{"start":{"line":156,"column":4},"end":{"line":323,"column":14},"skip":true}]},"7":{"line":70,"type":"if","locations":[{"start":{"line":70,"column":12},"end":{"line":70,"column":12},"skip":true},{"start":{"line":70,"column":12},"end":{"line":70,"column":12},"skip":true}]},"8":{"line":70,"type":"binary-expr","locations":[{"start":{"line":70,"column":16},"end":{"line":70,"column":22},"skip":true},{"start":{"line":70,"column":27},"end":{"line":70,"column":32},"skip":true},{"start":{"line":71,"column":20},"end":{"line":71,"column":39},"skip":true},{"start":{"line":72,"column":20},"end":{"line":72,"column":49},"skip":true},{"start":{"line":73,"column":20},"end":{"line":73,"column":58},"skip":true},{"start":{"line":74,"column":20},"end":{"line":74,"column":69},"skip":true}]},"9":{"line":79,"type":"switch","locations":[{"start":{"line":80,"column":20},"end":{"line":80,"column":33},"skip":true},{"start":{"line":81,"column":20},"end":{"line":83,"column":30},"skip":true},{"start":{"line":84,"column":20},"end":{"line":85,"column":49},"skip":true}]},"10":{"line":89,"type":"switch","locations":[{"start":{"line":90,"column":12},"end":{"line":103,"column":22},"skip":true},{"start":{"line":105,"column":12},"end":{"line":106,"column":22},"skip":true}]},"11":{"line":89,"type":"binary-expr","locations":[{"start":{"line":89,"column":20},"end":{"line":89,"column":25},"skip":true},{"start":{"line":89,"column":29},"end":{"line":89,"column":48},"skip":true},{"start":{"line":89,"column":52},"end":{"line":89,"column":74},"skip":true}]},"12":{"line":92,"type":"if","locations":[{"start":{"line":92,"column":16},"end":{"line":92,"column":16},"skip":true},{"start":{"line":92,"column":16},"end":{"line":92,"column":16},"skip":true}]},"13":{"line":108,"type":"if","locations":[{"start":{"line":108,"column":12},"end":{"line":108,"column":12},"skip":true},{"start":{"line":108,"column":12},"end":{"line":108,"column":12},"skip":true}]},"14":{"line":108,"type":"binary-expr","locations":[{"start":{"line":108,"column":16},"end":{"line":108,"column":61},"skip":true},{"start":{"line":108,"column":66},"end":{"line":108,"column":72},"skip":true},{"start":{"line":108,"column":77},"end":{"line":108,"column":82},"skip":true},{"start":{"line":109,"column":20},"end":{"line":109,"column":39},"skip":true},{"start":{"line":110,"column":20},"end":{"line":110,"column":49},"skip":true},{"start":{"line":111,"column":20},"end":{"line":111,"column":58},"skip":true},{"start":{"line":112,"column":20},"end":{"line":112,"column":68},"skip":true}]},"15":{"line":129,"type":"if","locations":[{"start":{"line":129,"column":16},"end":{"line":129,"column":16},"skip":true},{"start":{"line":129,"column":16},"end":{"line":129,"column":16},"skip":true}]},"16":{"line":134,"type":"cond-expr","locations":[{"start":{"line":135,"column":26},"end":{"line":135,"column":29},"skip":true},{"start":{"line":136,"column":26},"end":{"line":136,"column":54},"skip":true}]},"17":{"line":164,"type":"binary-expr","locations":[{"start":{"line":164,"column":27},"end":{"line":164,"column":43},"skip":true},{"start":{"line":164,"column":47},"end":{"line":164,"column":49},"skip":true}]},"18":{"line":258,"type":"if","locations":[{"start":{"line":258,"column":8},"end":{"line":258,"column":8},"skip":true},{"start":{"line":258,"column":8},"end":{"line":258,"column":8},"skip":true}]},"19":{"line":275,"type":"switch","locations":[{"start":{"line":276,"column":20},"end":{"line":277,"column":64},"skip":true},{"start":{"line":278,"column":20},"end":{"line":279,"column":40},"skip":true},{"start":{"line":280,"column":20},"end":{"line":281,"column":40},"skip":true},{"start":{"line":282,"column":20},"end":{"line":283,"column":39},"skip":true}]},"20":{"line":288,"type":"if","locations":[{"start":{"line":288,"column":8},"end":{"line":288,"column":8},"skip":true},{"start":{"line":288,"column":8},"end":{"line":288,"column":8},"skip":true}]},"21":{"line":288,"type":"binary-expr","locations":[{"start":{"line":288,"column":12},"end":{"line":288,"column":40},"skip":true},{"start":{"line":288,"column":44},"end":{"line":288,"column":67},"skip":true}]},"22":{"line":292,"type":"binary-expr","locations":[{"start":{"line":292,"column":12},"end":{"line":292,"column":50},"skip":true},{"start":{"line":293,"column":12},"end":{"line":293,"column":53},"skip":true}]},"23":{"line":295,"type":"binary-expr","locations":[{"start":{"line":295,"column":12},"end":{"line":295,"column":64},"skip":true},{"start":{"line":296,"column":12},"end":{"line":301,"column":36},"skip":true}]},"24":{"line":302,"type":"binary-expr","locations":[{"start":{"line":302,"column":43},"end":{"line":302,"column":75},"skip":true},{"start":{"line":302,"column":79},"end":{"line":302,"column":81},"skip":true}]},"25":{"line":305,"type":"if","locations":[{"start":{"line":305,"column":8},"end":{"line":305,"column":8},"skip":true},{"start":{"line":305,"column":8},"end":{"line":305,"column":8},"skip":true}]},"26":{"line":309,"type":"if","locations":[{"start":{"line":309,"column":8},"end":{"line":309,"column":8},"skip":true},{"start":{"line":309,"column":8},"end":{"line":309,"column":8},"skip":true}]},"27":{"line":312,"type":"binary-expr","locations":[{"start":{"line":312,"column":27},"end":{"line":312,"column":43},"skip":true},{"start":{"line":312,"column":47},"end":{"line":312,"column":53},"skip":true}]},"28":{"line":316,"type":"if","locations":[{"start":{"line":316,"column":12},"end":{"line":316,"column":12},"skip":true},{"start":{"line":316,"column":12},"end":{"line":316,"column":12},"skip":true}]}},"code":["/*","example.js","","quickstart example","","instruction","    1. save this script as example.js","    2. run the shell command:","        $ npm install npmtest-needle && PORT=8081 node example.js","    3. play with the browser-demo on http://127.0.0.1:8081","*/","","","","/* istanbul instrument in package npmtest_needle */","/*jslint","    bitwise: true,","    browser: true,","    maxerr: 8,","    maxlen: 96,","    node: true,","    nomen: true,","    regexp: true,","    stupid: true","*/","(function () {","    'use strict';","    var local;","","","","    // run shared js-env code - pre-init","    (function () {","        // init local","        local = {};","        // init modeJs","        local.modeJs = (function () {","            try {","                return typeof navigator.userAgent === 'string' &&","                    typeof document.querySelector('body') === 'object' &&","                    typeof XMLHttpRequest.prototype.open === 'function' &&","                    'browser';","            } catch (errorCaughtBrowser) {","                return module.exports &&","                    typeof process.versions.node === 'string' &&","                    typeof require('http').createServer === 'function' &&","                    'node';","            }","        }());","        // init global","        local.global = local.modeJs === 'browser'","            ? window","            : global;","        // init utility2_rollup","        local = local.global.utility2_rollup || (local.modeJs === 'browser'","            ? local.global.utility2_npmtest_needle","            : global.utility2_moduleExports);","        // export local","        local.global.local = local;","    }());","    switch (local.modeJs) {","","","","    // post-init","    // run browser js-env code - post-init","    /* istanbul ignore next */","    case 'browser':","        local.testRunBrowser = function (event) {","            if (!event || (event &&","                    event.currentTarget &&","                    event.currentTarget.className &&","                    event.currentTarget.className.includes &&","                    event.currentTarget.className.includes('onreset'))) {","                // reset output","                Array.from(","                    document.querySelectorAll('body > .resettable')","                ).forEach(function (element) {","                    switch (element.tagName) {","                    case 'INPUT':","                    case 'TEXTAREA':","                        element.value = '';","                        break;","                    default:","                        element.textContent = '';","                    }","                });","            }","            switch (event && event.currentTarget && event.currentTarget.id) {","            case 'testRunButton1':","                // show tests","                if (document.querySelector('#testReportDiv1').style.display === 'none') {","                    document.querySelector('#testReportDiv1').style.display = 'block';","                    document.querySelector('#testRunButton1').textContent =","                        'hide internal test';","                    local.modeTest = true;","                    local.testRunDefault(local);","                // hide tests","                } else {","                    document.querySelector('#testReportDiv1').style.display = 'none';","                    document.querySelector('#testRunButton1').textContent = 'run internal test';","                }","                break;","            // custom-case","            default:","                break;","            }","            if (document.querySelector('#inputTextareaEval1') && (!event || (event &&","                    event.currentTarget &&","                    event.currentTarget.className &&","                    event.currentTarget.className.includes &&","                    event.currentTarget.className.includes('oneval')))) {","                // try to eval input-code","                try {","                    /*jslint evil: true*/","                    eval(document.querySelector('#inputTextareaEval1').value);","                } catch (errorCaught) {","                    console.error(errorCaught.stack);","                }","            }","        };","        // log stderr and stdout to #outputTextareaStdout1","        ['error', 'log'].forEach(function (key) {","            console[key + '_original'] = console[key];","            console[key] = function () {","                var element;","                console[key + '_original'].apply(console, arguments);","                element = document.querySelector('#outputTextareaStdout1');","                if (!element) {","                    return;","                }","                // append text to #outputTextareaStdout1","                element.value += Array.from(arguments).map(function (arg) {","                    return typeof arg === 'string'","                        ? arg","                        : JSON.stringify(arg, null, 4);","                }).join(' ') + '\\n';","                // scroll textarea to bottom","                element.scrollTop = element.scrollHeight;","            };","        });","        // init event-handling","        ['change', 'click', 'keyup'].forEach(function (event) {","            Array.from(document.querySelectorAll('.on' + event)).forEach(function (element) {","                element.addEventListener(event, local.testRunBrowser);","            });","        });","        // run tests","        local.testRunBrowser();","        break;","","","","    // run node js-env code - post-init","    /* istanbul ignore next */","    case 'node':","        // export local","        module.exports = local;","        // require modules","        local.fs = require('fs');","        local.http = require('http');","        local.url = require('url');","        // init assets","        local.assetsDict = local.assetsDict || {};","        /* jslint-ignore-begin */","        local.assetsDict['/assets.index.template.html'] = '\\","<!doctype html>\\n\\","<html lang=\"en\">\\n\\","<head>\\n\\","<meta charset=\"UTF-8\">\\n\\","<meta name=\"viewport\" content=\"width=device-width, initial-scale=1\">\\n\\","<title>{{env.npm_package_name}} (v{{env.npm_package_version}})</title>\\n\\","<style>\\n\\","/*csslint\\n\\","    box-sizing: false,\\n\\","    universal-selector: false\\n\\","*/\\n\\","* {\\n\\","    box-sizing: border-box;\\n\\","}\\n\\","body {\\n\\","    background: #dde;\\n\\","    font-family: Arial, Helvetica, sans-serif;\\n\\","    margin: 2rem;\\n\\","}\\n\\","body > * {\\n\\","    margin-bottom: 1rem;\\n\\","}\\n\\",".utility2FooterDiv {\\n\\","    margin-top: 20px;\\n\\","    text-align: center;\\n\\","}\\n\\","</style>\\n\\","<style>\\n\\","/*csslint\\n\\","*/\\n\\","textarea {\\n\\","    font-family: monospace;\\n\\","    height: 10rem;\\n\\","    width: 100%;\\n\\","}\\n\\","textarea[readonly] {\\n\\","    background: #ddd;\\n\\","}\\n\\","</style>\\n\\","</head>\\n\\","<body>\\n\\","<!-- utility2-comment\\n\\","<div id=\"ajaxProgressDiv1\" style=\"background: #d00; height: 2px; left: 0; margin: 0; padding: 0; position: fixed; top: 0; transition: background 0.5s, width 1.5s; width: 25%;\"></div>\\n\\","utility2-comment -->\\n\\","<h1>\\n\\","<!-- utility2-comment\\n\\","    <a\\n\\","        {{#if env.npm_package_homepage}}\\n\\","        href=\"{{env.npm_package_homepage}}\"\\n\\","        {{/if env.npm_package_homepage}}\\n\\","        target=\"_blank\"\\n\\","    >\\n\\","utility2-comment -->\\n\\","        {{env.npm_package_name}} (v{{env.npm_package_version}})\\n\\","<!-- utility2-comment\\n\\","    </a>\\n\\","utility2-comment -->\\n\\","</h1>\\n\\","<h3>{{env.npm_package_description}}</h3>\\n\\","<!-- utility2-comment\\n\\","<h4><a download href=\"assets.app.js\">download standalone app</a></h4>\\n\\","<button class=\"onclick onreset\" id=\"testRunButton1\">run internal test</button><br>\\n\\","<div id=\"testReportDiv1\" style=\"display: none;\"></div>\\n\\","utility2-comment -->\\n\\","\\n\\","\\n\\","\\n\\","<label>stderr and stdout</label>\\n\\","<textarea class=\"resettable\" id=\"outputTextareaStdout1\" readonly></textarea>\\n\\","<!-- utility2-comment\\n\\","{{#if isRollup}}\\n\\","<script src=\"assets.app.js\"></script>\\n\\","{{#unless isRollup}}\\n\\","utility2-comment -->\\n\\","<script src=\"assets.utility2.rollup.js\"></script>\\n\\","<script src=\"jsonp.utility2._stateInit?callback=window.utility2._stateInit\"></script>\\n\\","<script src=\"assets.npmtest_needle.rollup.js\"></script>\\n\\","<script src=\"assets.example.js\"></script>\\n\\","<script src=\"assets.test.js\"></script>\\n\\","<!-- utility2-comment\\n\\","{{/if isRollup}}\\n\\","utility2-comment -->\\n\\","<div class=\"utility2FooterDiv\">\\n\\","    [ this app was created with\\n\\","    <a href=\"https://github.com/kaizhu256/node-utility2\" target=\"_blank\">utility2</a>\\n\\","    ]\\n\\","</div>\\n\\","</body>\\n\\","</html>\\n\\","';","        /* jslint-ignore-end */","        if (local.templateRender) {","            local.assetsDict['/'] = local.templateRender(","                local.assetsDict['/assets.index.template.html'],","                {","                    env: local.objectSetDefault(local.env, {","                        npm_package_description: 'the greatest app in the world!',","                        npm_package_name: 'my-app',","                        npm_package_nameAlias: 'my_app',","                        npm_package_version: '0.0.1'","                    })","                }","            );","        } else {","            local.assetsDict['/'] = local.assetsDict['/assets.index.template.html']","                .replace((/\\{\\{env\\.(\\w+?)\\}\\}/g), function (match0, match1) {","                    // jslint-hack","                    String(match0);","                    switch (match1) {","                    case 'npm_package_description':","                        return 'the greatest app in the world!';","                    case 'npm_package_name':","                        return 'my-app';","                    case 'npm_package_nameAlias':","                        return 'my_app';","                    case 'npm_package_version':","                        return '0.0.1';","                    }","                });","        }","        // run the cli","        if (local.global.utility2_rollup || module !== require.main) {","            break;","        }","        local.assetsDict['/assets.example.js'] =","            local.assetsDict['/assets.example.js'] ||","            local.fs.readFileSync(__filename, 'utf8');","        local.assetsDict['/assets.npmtest_needle.rollup.js'] =","            local.assetsDict['/assets.npmtest_needle.rollup.js'] ||","            local.fs.readFileSync(","                // buildCustomOrg-hack","                local.npmtest_needle.__dirname +","                    '/lib.npmtest_needle.js',","                'utf8'","            ).replace((/^#!/), '//');","        local.assetsDict['/favicon.ico'] = local.assetsDict['/favicon.ico'] || '';","        // if $npm_config_timeout_exit exists,","        // then exit this process after $npm_config_timeout_exit ms","        if (Number(process.env.npm_config_timeout_exit)) {","            setTimeout(process.exit, Number(process.env.npm_config_timeout_exit));","        }","        // start server","        if (local.global.utility2_serverHttp1) {","            break;","        }","        process.env.PORT = process.env.PORT || '8081';","        console.error('server starting on port ' + process.env.PORT);","        local.http.createServer(function (request, response) {","            request.urlParsed = local.url.parse(request.url);","            if (local.assetsDict[request.urlParsed.pathname] !== undefined) {","                response.end(local.assetsDict[request.urlParsed.pathname]);","                return;","            }","            response.statusCode = 404;","            response.end();","        }).listen(process.env.PORT);","        break;","    }","}());",""],"l":{"26":2,"28":2,"33":2,"35":2,"37":2,"38":2,"39":2,"44":1,"51":2,"55":2,"59":2,"61":2,"69":1,"70":2,"76":2,"79":2,"82":2,"83":2,"85":1,"89":2,"92":1,"93":1,"94":1,"96":1,"97":1,"100":1,"101":1,"103":1,"106":1,"108":2,"114":1,"116":1,"118":1,"123":1,"124":2,"125":2,"126":2,"127":2,"128":2,"129":2,"130":1,"133":2,"134":2,"139":2,"143":1,"144":3,"145":1,"149":1,"150":1,"158":1,"160":1,"161":1,"162":1,"164":1,"166":1,"258":1,"259":1,"271":1,"274":6,"275":6,"277":1,"279":2,"281":1,"283":2,"288":1,"289":1,"291":1,"294":1,"302":1,"305":1,"306":1,"309":1,"310":1,"312":1,"313":1,"314":1,"315":1,"316":1,"317":1,"318":1,"320":1,"321":1,"323":1}},"/home/travis/build/npmtest/node-npmtest-needle/needle/lib/needle.js":{"path":"/home/travis/build/npmtest/node-npmtest-needle/needle/lib/needle.js","s":{"1":1,"2":1,"3":1,"4":1,"5":1,"6":1,"7":1,"8":1,"9":1,"10":1,"11":1,"12":1,"13":1,"14":1,"15":1,"16":1,"17":1,"18":1,"19":1,"20":4,"21":4,"22":1,"23":0,"24":0,"25":0,"26":0,"27":1,"28":0,"29":0,"30":0,"31":0,"32":0,"33":0,"34":1,"35":0,"36":1,"37":0,"38":0,"39":0,"40":0,"41":0,"42":0,"43":1,"44":0,"45":0,"46":0,"47":0,"48":0,"49":0,"50":0,"51":0,"52":0,"53":0,"54":1,"55":1,"56":0,"57":0,"58":0,"59":1,"60":0,"61":0,"62":0,"63":0,"64":0,"65":0,"66":0,"67":0,"68":0,"69":0,"70":0,"71":0,"72":0,"73":0,"74":0,"75":0,"76":0,"77":0,"78":0,"79":0,"80":0,"81":0,"82":0,"83":0,"84":0,"85":0,"86":0,"87":0,"88":0,"89":0,"90":0,"91":0,"92":0,"93":0,"94":0,"95":0,"96":0,"97":0,"98":0,"99":0,"100":0,"101":0,"102":0,"103":1,"104":0,"105":0,"106":0,"107":0,"108":0,"109":0,"110":0,"111":0,"112":0,"113":0,"114":0,"115":0,"116":0,"117":0,"118":0,"119":0,"120":0,"121":0,"122":0,"123":0,"124":0,"125":0,"126":0,"127":0,"128":0,"129":0,"130":0,"131":0,"132":0,"133":1,"134":0,"135":0,"136":0,"137":0,"138":0,"139":0,"140":0,"141":0,"142":0,"143":0,"144":0,"145":1,"146":0,"147":0,"148":0,"149":0,"150":0,"151":0,"152":0,"153":0,"154":0,"155":0,"156":0,"157":0,"158":0,"159":1,"160":0,"161":0,"162":1,"163":0,"164":0,"165":0,"166":0,"167":0,"168":0,"169":0,"170":0,"171":0,"172":1,"173":0,"174":1,"175":0,"176":0,"177":0,"178":0,"179":0,"180":0,"181":0,"182":0,"183":1,"184":0,"185":0,"186":0,"187":1,"188":0,"189":0,"190":0,"191":0,"192":0,"193":1,"194":0,"195":0,"196":0,"197":0,"198":0,"199":0,"200":0,"201":0,"202":0,"203":0,"204":0,"205":0,"206":0,"207":0,"208":0,"209":0,"210":0,"211":0,"212":0,"213":0,"214":0,"215":0,"216":0,"217":0,"218":0,"219":0,"220":0,"221":0,"222":0,"223":0,"224":0,"225":0,"226":0,"227":0,"228":0,"229":0,"230":0,"231":0,"232":0,"233":0,"234":0,"235":0,"236":0,"237":0,"238":0,"239":0,"240":0,"241":0,"242":0,"243":0,"244":0,"245":0,"246":0,"247":0,"248":0,"249":0,"250":0,"251":0,"252":0,"253":0,"254":0,"255":0,"256":0,"257":0,"258":0,"259":0,"260":0,"261":0,"262":0,"263":0,"264":0,"265":0,"266":0,"267":0,"268":0,"269":0,"270":0,"271":0,"272":0,"273":0,"274":0,"275":0,"276":0,"277":0,"278":0,"279":0,"280":0,"281":0,"282":0,"283":0,"284":0,"285":0,"286":0,"287":0,"288":0,"289":0,"290":0,"291":0,"292":0,"293":0,"294":0,"295":0,"296":0,"297":0,"298":0,"299":0,"300":0,"301":0,"302":0,"303":0,"304":0,"305":0,"306":0,"307":0,"308":0,"309":0,"310":0,"311":0,"312":1,"313":1,"314":0,"315":0,"316":0,"317":0,"318":0,"319":0,"320":0,"321":0,"322":0,"323":1,"324":2,"325":0,"326":1,"327":4,"328":0,"329":1,"330":0},"b":{"1":[1,1],"2":[1,0],"3":[0,0],"4":[0,0],"5":[0,0],"6":[0,0],"7":[0,0],"8":[0,0],"9":[0,0,0],"10":[0,0],"11":[0,0],"12":[0,0],"13":[0,0],"14":[0,0],"15":[0,0],"16":[0,0],"17":[0,0],"18":[0,0],"19":[0,0],"20":[0,0],"21":[0,0],"22":[0,0],"23":[0,0],"24":[0,0],"25":[0,0],"26":[0,0],"27":[0,0],"28":[0,0],"29":[0,0],"30":[0,0],"31":[0,0,0],"32":[0,0],"33":[0,0],"34":[0,0],"35":[0,0],"36":[0,0],"37":[0,0,0],"38":[0,0],"39":[0,0],"40":[0,0],"41":[0,0],"42":[0,0],"43":[0,0],"44":[0,0],"45":[0,0],"46":[0,0,0],"47":[0,0],"48":[0,0],"49":[0,0],"50":[0,0],"51":[0,0],"52":[0,0],"53":[0,0],"54":[0,0,0],"55":[0,0],"56":[0,0],"57":[0,0],"58":[0,0],"59":[0,0],"60":[0,0],"61":[0,0],"62":[0,0],"63":[0,0],"64":[0,0],"65":[0,0,0],"66":[0,0],"67":[0,0],"68":[0,0],"69":[0,0],"70":[0,0],"71":[0,0],"72":[0,0],"73":[0,0],"74":[0,0],"75":[0,0],"76":[0,0],"77":[0,0],"78":[0,0],"79":[0,0],"80":[0,0],"81":[0,0],"82":[0,0],"83":[0,0],"84":[0,0],"85":[0,0],"86":[0,0],"87":[0,0],"88":[0,0],"89":[0,0],"90":[0,0],"91":[0,0],"92":[0,0],"93":[0,0],"94":[0,0,0],"95":[0,0],"96":[0,0],"97":[0,0],"98":[0,0],"99":[0,0],"100":[0,0],"101":[0,0],"102":[0,0],"103":[0,0],"104":[0,0],"105":[0,0,0],"106":[0,0],"107":[0,0],"108":[0,0],"109":[0,0],"110":[0,0],"111":[0,0],"112":[0,0],"113":[0,0],"114":[0,0],"115":[0,0],"116":[0,0,0,0],"117":[0,0],"118":[0,0],"119":[0,0],"120":[0,0],"121":[0,0],"122":[0,0],"123":[0,0],"124":[0,0],"125":[0,0],"126":[0,0],"127":[0,0],"128":[0,0],"129":[0,0],"130":[0,0],"131":[0,0],"132":[0,0],"133":[0,0],"134":[0,0],"135":[0,0],"136":[0,0],"137":[0,0],"138":[0,0],"139":[0,0],"140":[0,0]},"f":{"1":4,"2":0,"3":0,"4":0,"5":0,"6":0,"7":0,"8":0,"9":0,"10":0,"11":0,"12":0,"13":0,"14":0,"15":0,"16":0,"17":0,"18":0,"19":0,"20":0,"21":0,"22":0,"23":0,"24":0,"25":0,"26":0,"27":0,"28":0,"29":0,"30":0,"31":0,"32":0,"33":0,"34":0,"35":0,"36":0,"37":0,"38":0,"39":2,"40":0,"41":4,"42":0,"43":0},"fnMap":{"1":{"name":"(anonymous_1)","line":105,"loc":{"start":{"line":105,"column":33},"end":{"line":105,"column":45}}},"2":{"name":"keys_by_type","line":113,"loc":{"start":{"line":113,"column":0},"end":{"line":113,"column":28}}},"3":{"name":"(anonymous_3)","line":114,"loc":{"start":{"line":114,"column":35},"end":{"line":114,"column":48}}},"4":{"name":"(anonymous_4)","line":117,"loc":{"start":{"line":117,"column":12},"end":{"line":117,"column":25}}},"5":{"name":"parse_content_type","line":120,"loc":{"start":{"line":120,"column":0},"end":{"line":120,"column":36}}},"6":{"name":"is_stream","line":129,"loc":{"start":{"line":129,"column":0},"end":{"line":129,"column":24}}},"7":{"name":"get_stream_length","line":133,"loc":{"start":{"line":133,"column":0},"end":{"line":133,"column":53}}},"8":{"name":"(anonymous_8)","line":140,"loc":{"start":{"line":140,"column":23},"end":{"line":140,"column":43}}},"9":{"name":"Needle","line":148,"loc":{"start":{"line":148,"column":0},"end":{"line":148,"column":54}}},"10":{"name":"(anonymous_10)","line":165,"loc":{"start":{"line":165,"column":25},"end":{"line":165,"column":48}}},"11":{"name":"get_option","line":166,"loc":{"start":{"line":166,"column":2},"end":{"line":166,"column":37}}},"12":{"name":"check_value","line":175,"loc":{"start":{"line":175,"column":2},"end":{"line":175,"column":38}}},"13":{"name":"(anonymous_13)","line":196,"loc":{"start":{"line":196,"column":32},"end":{"line":196,"column":46}}},"14":{"name":"(anonymous_14)","line":200,"loc":{"start":{"line":200,"column":31},"end":{"line":200,"column":45}}},"15":{"name":"(anonymous_15)","line":205,"loc":{"start":{"line":205,"column":33},"end":{"line":205,"column":47}}},"16":{"name":"(anonymous_16)","line":273,"loc":{"start":{"line":273,"column":25},"end":{"line":273,"column":36}}},"17":{"name":"(anonymous_17)","line":297,"loc":{"start":{"line":297,"column":38},"end":{"line":297,"column":59}}},"18":{"name":"(anonymous_18)","line":313,"loc":{"start":{"line":313,"column":54},"end":{"line":313,"column":71}}},"19":{"name":"next","line":345,"loc":{"start":{"line":345,"column":2},"end":{"line":345,"column":22}}},"20":{"name":"(anonymous_20)","line":368,"loc":{"start":{"line":368,"column":36},"end":{"line":368,"column":66}}},"21":{"name":"(anonymous_21)","line":394,"loc":{"start":{"line":394,"column":33},"end":{"line":394,"column":70}}},"22":{"name":"matches","line":398,"loc":{"start":{"line":398,"column":2},"end":{"line":398,"column":29}}},"23":{"name":"(anonymous_23)","line":416,"loc":{"start":{"line":416,"column":32},"end":{"line":416,"column":95}}},"24":{"name":"done","line":424,"loc":{"start":{"line":424,"column":2},"end":{"line":424,"column":27}}},"25":{"name":"had_error","line":439,"loc":{"start":{"line":439,"column":2},"end":{"line":439,"column":26}}},"26":{"name":"set_timeout","line":445,"loc":{"start":{"line":445,"column":2},"end":{"line":445,"column":39}}},"27":{"name":"(anonymous_27)","line":448,"loc":{"start":{"line":448,"column":23},"end":{"line":448,"column":34}}},"28":{"name":"on_socket_end","line":457,"loc":{"start":{"line":457,"column":2},"end":{"line":457,"column":27}}},"29":{"name":"(anonymous_29)","line":465,"loc":{"start":{"line":465,"column":47},"end":{"line":465,"column":62}}},"30":{"name":"(anonymous_30)","line":585,"loc":{"start":{"line":585,"column":20},"end":{"line":585,"column":31}}},"31":{"name":"(anonymous_31)","line":589,"loc":{"start":{"line":589,"column":23},"end":{"line":589,"column":34}}},"32":{"name":"(anonymous_32)","line":593,"loc":{"start":{"line":593,"column":25},"end":{"line":593,"column":36}}},"33":{"name":"(anonymous_33)","line":616,"loc":{"start":{"line":616,"column":32},"end":{"line":616,"column":43}}},"34":{"name":"(anonymous_34)","line":627,"loc":{"start":{"line":627,"column":27},"end":{"line":627,"column":38}}},"35":{"name":"(anonymous_35)","line":640,"loc":{"start":{"line":640,"column":20},"end":{"line":640,"column":31}}},"36":{"name":"(anonymous_36)","line":666,"loc":{"start":{"line":666,"column":31},"end":{"line":666,"column":42}}},"37":{"name":"(anonymous_37)","line":687,"loc":{"start":{"line":687,"column":25},"end":{"line":687,"column":42}}},"38":{"name":"(anonymous_38)","line":714,"loc":{"start":{"line":714,"column":19},"end":{"line":714,"column":33}}},"39":{"name":"(anonymous_39)","line":733,"loc":{"start":{"line":733,"column":30},"end":{"line":733,"column":47}}},"40":{"name":"(anonymous_40)","line":734,"loc":{"start":{"line":734,"column":20},"end":{"line":734,"column":53}}},"41":{"name":"(anonymous_41)","line":739,"loc":{"start":{"line":739,"column":43},"end":{"line":739,"column":60}}},"42":{"name":"(anonymous_42)","line":740,"loc":{"start":{"line":740,"column":20},"end":{"line":740,"column":59}}},"43":{"name":"(anonymous_43)","line":745,"loc":{"start":{"line":745,"column":18},"end":{"line":745,"column":62}}}},"statementMap":{"1":{"start":{"line":8,"column":0},"end":{"line":19,"column":39}},"2":{"start":{"line":24,"column":0},"end":{"line":24,"column":53}},"3":{"start":{"line":26,"column":0},"end":{"line":26,"column":38}},"4":{"start":{"line":27,"column":0},"end":{"line":27,"column":102}},"5":{"start":{"line":29,"column":0},"end":{"line":29,"column":115}},"6":{"start":{"line":34,"column":0},"end":{"line":34,"column":79}},"7":{"start":{"line":37,"column":0},"end":{"line":37,"column":69}},"8":{"start":{"line":40,"column":0},"end":{"line":40,"column":42}},"9":{"start":{"line":45,"column":0},"end":{"line":45,"column":23}},"10":{"start":{"line":47,"column":0},"end":{"line":62,"column":39}},"11":{"start":{"line":49,"column":2},"end":{"line":49,"column":29}},"12":{"start":{"line":51,"column":2},"end":{"line":51,"column":44}},"13":{"start":{"line":52,"column":2},"end":{"line":52,"column":44}},"14":{"start":{"line":53,"column":2},"end":{"line":53,"column":43}},"15":{"start":{"line":54,"column":2},"end":{"line":54,"column":43}},"16":{"start":{"line":57,"column":2},"end":{"line":60,"column":3}},"17":{"start":{"line":67,"column":0},"end":{"line":92,"column":1}},"18":{"start":{"line":94,"column":0},"end":{"line":102,"column":1}},"19":{"start":{"line":105,"column":0},"end":{"line":108,"column":3}},"20":{"start":{"line":106,"column":2},"end":{"line":106,"column":33}},"21":{"start":{"line":107,"column":2},"end":{"line":107,"column":30}},"22":{"start":{"line":113,"column":0},"end":{"line":118,"column":1}},"23":{"start":{"line":114,"column":2},"end":{"line":117,"column":39}},"24":{"start":{"line":115,"column":4},"end":{"line":116,"column":16}},"25":{"start":{"line":116,"column":6},"end":{"line":116,"column":16}},"26":{"start":{"line":117,"column":27},"end":{"line":117,"column":37}},"27":{"start":{"line":120,"column":0},"end":{"line":127,"column":1}},"28":{"start":{"line":121,"column":2},"end":{"line":121,"column":42}},"29":{"start":{"line":121,"column":32},"end":{"line":121,"column":42}},"30":{"start":{"line":123,"column":2},"end":{"line":123,"column":54}},"31":{"start":{"line":124,"column":2},"end":{"line":124,"column":81}},"32":{"start":{"line":124,"column":8},"end":{"line":124,"column":50}},"33":{"start":{"line":126,"column":2},"end":{"line":126,"column":44}},"34":{"start":{"line":129,"column":0},"end":{"line":131,"column":1}},"35":{"start":{"line":130,"column":2},"end":{"line":130,"column":40}},"36":{"start":{"line":133,"column":0},"end":{"line":143,"column":1}},"37":{"start":{"line":134,"column":2},"end":{"line":135,"column":28}},"38":{"start":{"line":135,"column":4},"end":{"line":135,"column":28}},"39":{"start":{"line":137,"column":2},"end":{"line":138,"column":54}},"40":{"start":{"line":138,"column":4},"end":{"line":138,"column":54}},"41":{"start":{"line":140,"column":2},"end":{"line":142,"column":5}},"42":{"start":{"line":141,"column":4},"end":{"line":141,"column":54}},"43":{"start":{"line":148,"column":0},"end":{"line":163,"column":1}},"44":{"start":{"line":149,"column":2},"end":{"line":150,"column":60}},"45":{"start":{"line":150,"column":4},"end":{"line":150,"column":60}},"46":{"start":{"line":152,"column":2},"end":{"line":152,"column":25}},"47":{"start":{"line":153,"column":2},"end":{"line":153,"column":22}},"48":{"start":{"line":154,"column":2},"end":{"line":154,"column":23}},"49":{"start":{"line":156,"column":2},"end":{"line":162,"column":3}},"50":{"start":{"line":157,"column":4},"end":{"line":157,"column":28}},"51":{"start":{"line":158,"column":4},"end":{"line":158,"column":23}},"52":{"start":{"line":160,"column":4},"end":{"line":160,"column":29}},"53":{"start":{"line":161,"column":4},"end":{"line":161,"column":28}},"54":{"start":{"line":165,"column":0},"end":{"line":271,"column":1}},"55":{"start":{"line":166,"column":2},"end":{"line":173,"column":3}},"56":{"start":{"line":168,"column":4},"end":{"line":168,"column":64}},"57":{"start":{"line":168,"column":44},"end":{"line":168,"column":64}},"58":{"start":{"line":171,"column":4},"end":{"line":172,"column":60}},"59":{"start":{"line":175,"column":2},"end":{"line":183,"column":3}},"60":{"start":{"line":176,"column":4},"end":{"line":177,"column":29}},"61":{"start":{"line":179,"column":4},"end":{"line":180,"column":90}},"62":{"start":{"line":180,"column":6},"end":{"line":180,"column":90}},"63":{"start":{"line":182,"column":4},"end":{"line":182,"column":54}},"64":{"start":{"line":188,"column":2},"end":{"line":194,"column":3}},"65":{"start":{"line":196,"column":2},"end":{"line":198,"column":4}},"66":{"start":{"line":197,"column":4},"end":{"line":197,"column":46}},"67":{"start":{"line":200,"column":2},"end":{"line":202,"column":4}},"68":{"start":{"line":201,"column":4},"end":{"line":201,"column":45}},"69":{"start":{"line":205,"column":2},"end":{"line":211,"column":5}},"70":{"start":{"line":206,"column":4},"end":{"line":210,"column":5}},"71":{"start":{"line":207,"column":6},"end":{"line":207,"column":43}},"72":{"start":{"line":208,"column":6},"end":{"line":209,"column":39}},"73":{"start":{"line":209,"column":8},"end":{"line":209,"column":39}},"74":{"start":{"line":216,"column":2},"end":{"line":219,"column":3}},"75":{"start":{"line":221,"column":2},"end":{"line":222,"column":58}},"76":{"start":{"line":222,"column":4},"end":{"line":222,"column":58}},"77":{"start":{"line":225,"column":2},"end":{"line":226,"column":65}},"78":{"start":{"line":226,"column":4},"end":{"line":226,"column":65}},"79":{"start":{"line":228,"column":2},"end":{"line":229,"column":55}},"80":{"start":{"line":229,"column":4},"end":{"line":229,"column":55}},"81":{"start":{"line":231,"column":2},"end":{"line":232,"column":62}},"82":{"start":{"line":232,"column":4},"end":{"line":232,"column":62}},"83":{"start":{"line":237,"column":2},"end":{"line":241,"column":3}},"84":{"start":{"line":238,"column":4},"end":{"line":238,"column":55}},"85":{"start":{"line":239,"column":4},"end":{"line":239,"column":32}},"86":{"start":{"line":240,"column":4},"end":{"line":240,"column":32}},"87":{"start":{"line":243,"column":2},"end":{"line":249,"column":3}},"88":{"start":{"line":244,"column":4},"end":{"line":248,"column":5}},"89":{"start":{"line":245,"column":6},"end":{"line":245,"column":64}},"90":{"start":{"line":247,"column":6},"end":{"line":247,"column":87}},"91":{"start":{"line":252,"column":2},"end":{"line":264,"column":3}},"92":{"start":{"line":253,"column":4},"end":{"line":254,"column":46}},"93":{"start":{"line":254,"column":6},"end":{"line":254,"column":46}},"94":{"start":{"line":256,"column":4},"end":{"line":260,"column":5}},"95":{"start":{"line":257,"column":6},"end":{"line":257,"column":66}},"96":{"start":{"line":258,"column":6},"end":{"line":258,"column":36}},"97":{"start":{"line":259,"column":6},"end":{"line":259,"column":36}},"98":{"start":{"line":262,"column":4},"end":{"line":263,"column":97}},"99":{"start":{"line":263,"column":6},"end":{"line":263,"column":97}},"100":{"start":{"line":267,"column":2},"end":{"line":268,"column":57}},"101":{"start":{"line":268,"column":4},"end":{"line":268,"column":57}},"102":{"start":{"line":270,"column":2},"end":{"line":270,"column":16}},"103":{"start":{"line":273,"column":0},"end":{"line":366,"column":1}},"104":{"start":{"line":275,"column":2},"end":{"line":280,"column":36}},"105":{"start":{"line":283,"column":2},"end":{"line":284,"column":45}},"106":{"start":{"line":284,"column":4},"end":{"line":284,"column":45}},"107":{"start":{"line":286,"column":2},"end":{"line":286,"column":76}},"108":{"start":{"line":289,"column":2},"end":{"line":289,"column":110}},"109":{"start":{"line":291,"column":2},"end":{"line":343,"column":3}},"110":{"start":{"line":293,"column":4},"end":{"line":341,"column":5}},"111":{"start":{"line":294,"column":6},"end":{"line":294,"column":59}},"112":{"start":{"line":296,"column":6},"end":{"line":296,"column":21}},"113":{"start":{"line":297,"column":6},"end":{"line":302,"column":9}},"114":{"start":{"line":298,"column":8},"end":{"line":298,"column":28}},"115":{"start":{"line":298,"column":17},"end":{"line":298,"column":28}},"116":{"start":{"line":300,"column":8},"end":{"line":300,"column":85}},"117":{"start":{"line":301,"column":8},"end":{"line":301,"column":20}},"118":{"start":{"line":304,"column":11},"end":{"line":341,"column":5}},"119":{"start":{"line":306,"column":6},"end":{"line":307,"column":84}},"120":{"start":{"line":307,"column":8},"end":{"line":307,"column":84}},"121":{"start":{"line":309,"column":6},"end":{"line":322,"column":7}},"122":{"start":{"line":312,"column":8},"end":{"line":312,"column":23}},"123":{"start":{"line":313,"column":8},"end":{"line":316,"column":10}},"124":{"start":{"line":314,"column":10},"end":{"line":314,"column":31}},"125":{"start":{"line":315,"column":10},"end":{"line":315,"column":21}},"126":{"start":{"line":321,"column":8},"end":{"line":321,"column":20}},"127":{"start":{"line":324,"column":11},"end":{"line":341,"column":5}},"128":{"start":{"line":326,"column":6},"end":{"line":326,"column":18}},"129":{"start":{"line":328,"column":11},"end":{"line":341,"column":5}},"130":{"start":{"line":331,"column":6},"end":{"line":331,"column":57}},"131":{"start":{"line":336,"column":6},"end":{"line":337,"column":61}},"132":{"start":{"line":340,"column":6},"end":{"line":340,"column":47}},"133":{"start":{"line":345,"column":2},"end":{"line":362,"column":3}},"134":{"start":{"line":346,"column":4},"end":{"line":355,"column":5}},"135":{"start":{"line":347,"column":6},"end":{"line":347,"column":70}},"136":{"start":{"line":347,"column":23},"end":{"line":347,"column":70}},"137":{"start":{"line":350,"column":6},"end":{"line":354,"column":7}},"138":{"start":{"line":351,"column":8},"end":{"line":353,"column":46}},"139":{"start":{"line":358,"column":4},"end":{"line":359,"column":52}},"140":{"start":{"line":359,"column":6},"end":{"line":359,"column":52}},"141":{"start":{"line":361,"column":4},"end":{"line":361,"column":67}},"142":{"start":{"line":364,"column":2},"end":{"line":364,"column":27}},"143":{"start":{"line":364,"column":16},"end":{"line":364,"column":27}},"144":{"start":{"line":365,"column":2},"end":{"line":365,"column":13}},"145":{"start":{"line":368,"column":0},"end":{"line":392,"column":1}},"146":{"start":{"line":369,"column":2},"end":{"line":371,"column":60}},"147":{"start":{"line":373,"column":2},"end":{"line":373,"column":34}},"148":{"start":{"line":374,"column":2},"end":{"line":374,"column":34}},"149":{"start":{"line":375,"column":2},"end":{"line":375,"column":74}},"150":{"start":{"line":376,"column":2},"end":{"line":376,"column":72}},"151":{"start":{"line":377,"column":2},"end":{"line":377,"column":25}},"152":{"start":{"line":378,"column":2},"end":{"line":378,"column":33}},"153":{"start":{"line":380,"column":2},"end":{"line":389,"column":3}},"154":{"start":{"line":382,"column":4},"end":{"line":382,"column":49}},"155":{"start":{"line":383,"column":4},"end":{"line":383,"column":43}},"156":{"start":{"line":386,"column":4},"end":{"line":388,"column":5}},"157":{"start":{"line":387,"column":6},"end":{"line":387,"column":48}},"158":{"start":{"line":391,"column":2},"end":{"line":391,"column":14}},"159":{"start":{"line":394,"column":0},"end":{"line":414,"column":1}},"160":{"start":{"line":395,"column":2},"end":{"line":395,"column":30}},"161":{"start":{"line":395,"column":17},"end":{"line":395,"column":30}},"162":{"start":{"line":398,"column":2},"end":{"line":401,"column":3}},"163":{"start":{"line":399,"column":4},"end":{"line":399,"column":38}},"164":{"start":{"line":400,"column":4},"end":{"line":400,"column":45}},"165":{"start":{"line":404,"column":2},"end":{"line":405,"column":17}},"166":{"start":{"line":405,"column":4},"end":{"line":405,"column":17}},"167":{"start":{"line":407,"column":2},"end":{"line":408,"column":17}},"168":{"start":{"line":408,"column":4},"end":{"line":408,"column":17}},"169":{"start":{"line":410,"column":2},"end":{"line":411,"column":17}},"170":{"start":{"line":411,"column":4},"end":{"line":411,"column":17}},"171":{"start":{"line":413,"column":2},"end":{"line":413,"column":14}},"172":{"start":{"line":416,"column":0},"end":{"line":707,"column":1}},"173":{"start":{"line":418,"column":2},"end":{"line":422,"column":70}},"174":{"start":{"line":424,"column":2},"end":{"line":437,"column":3}},"175":{"start":{"line":425,"column":4},"end":{"line":426,"column":55}},"176":{"start":{"line":426,"column":6},"end":{"line":426,"column":55}},"177":{"start":{"line":428,"column":4},"end":{"line":428,"column":35}},"178":{"start":{"line":428,"column":15},"end":{"line":428,"column":35}},"179":{"start":{"line":429,"column":4},"end":{"line":429,"column":47}},"180":{"start":{"line":431,"column":4},"end":{"line":432,"column":63}},"181":{"start":{"line":432,"column":6},"end":{"line":432,"column":63}},"182":{"start":{"line":436,"column":4},"end":{"line":436,"column":26}},"183":{"start":{"line":439,"column":2},"end":{"line":443,"column":3}},"184":{"start":{"line":440,"column":4},"end":{"line":440,"column":32}},"185":{"start":{"line":441,"column":4},"end":{"line":441,"column":25}},"186":{"start":{"line":442,"column":4},"end":{"line":442,"column":65}},"187":{"start":{"line":445,"column":2},"end":{"line":452,"column":3}},"188":{"start":{"line":446,"column":4},"end":{"line":446,"column":30}},"189":{"start":{"line":446,"column":23},"end":{"line":446,"column":30}},"190":{"start":{"line":448,"column":4},"end":{"line":451,"column":17}},"191":{"start":{"line":449,"column":6},"end":{"line":449,"column":32}},"192":{"start":{"line":450,"column":6},"end":{"line":450,"column":22}},"193":{"start":{"line":457,"column":2},"end":{"line":462,"column":3}},"194":{"start":{"line":458,"column":4},"end":{"line":461,"column":5}},"195":{"start":{"line":459,"column":6},"end":{"line":459,"column":21}},"196":{"start":{"line":460,"column":6},"end":{"line":460,"column":64}},"197":{"start":{"line":464,"column":2},"end":{"line":464,"column":50}},"198":{"start":{"line":465,"column":2},"end":{"line":678,"column":5}},"199":{"start":{"line":467,"column":4},"end":{"line":467,"column":31}},"200":{"start":{"line":468,"column":4},"end":{"line":468,"column":52}},"201":{"start":{"line":469,"column":4},"end":{"line":469,"column":31}},"202":{"start":{"line":472,"column":4},"end":{"line":472,"column":35}},"203":{"start":{"line":472,"column":15},"end":{"line":472,"column":35}},"204":{"start":{"line":473,"column":4},"end":{"line":473,"column":45}},"205":{"start":{"line":477,"column":4},"end":{"line":480,"column":5}},"206":{"start":{"line":478,"column":6},"end":{"line":478,"column":94}},"207":{"start":{"line":479,"column":6},"end":{"line":479,"column":41}},"208":{"start":{"line":483,"column":4},"end":{"line":511,"column":5}},"209":{"start":{"line":485,"column":6},"end":{"line":510,"column":7}},"210":{"start":{"line":486,"column":8},"end":{"line":486,"column":47}},"211":{"start":{"line":489,"column":8},"end":{"line":493,"column":9}},"212":{"start":{"line":490,"column":10},"end":{"line":490,"column":28}},"213":{"start":{"line":491,"column":10},"end":{"line":491,"column":27}},"214":{"start":{"line":492,"column":10},"end":{"line":492,"column":50}},"215":{"start":{"line":496,"column":8},"end":{"line":499,"column":9}},"216":{"start":{"line":497,"column":10},"end":{"line":497,"column":50}},"217":{"start":{"line":498,"column":10},"end":{"line":498,"column":65}},"218":{"start":{"line":501,"column":8},"end":{"line":502,"column":42}},"219":{"start":{"line":502,"column":10},"end":{"line":502,"column":42}},"220":{"start":{"line":504,"column":8},"end":{"line":504,"column":38}},"221":{"start":{"line":506,"column":8},"end":{"line":506,"column":70}},"222":{"start":{"line":507,"column":8},"end":{"line":507,"column":120}},"223":{"start":{"line":508,"column":13},"end":{"line":510,"column":7}},"224":{"start":{"line":509,"column":8},"end":{"line":509,"column":95}},"225":{"start":{"line":514,"column":4},"end":{"line":523,"column":5}},"226":{"start":{"line":515,"column":6},"end":{"line":522,"column":7}},"227":{"start":{"line":516,"column":8},"end":{"line":516,"column":101}},"228":{"start":{"line":518,"column":8},"end":{"line":521,"column":9}},"229":{"start":{"line":519,"column":10},"end":{"line":519,"column":56}},"230":{"start":{"line":520,"column":10},"end":{"line":520,"column":89}},"231":{"start":{"line":526,"column":4},"end":{"line":526,"column":49}},"232":{"start":{"line":527,"column":4},"end":{"line":527,"column":33}},"233":{"start":{"line":529,"column":4},"end":{"line":531,"column":70}},"234":{"start":{"line":534,"column":4},"end":{"line":541,"column":5}},"235":{"start":{"line":536,"column":6},"end":{"line":536,"column":82}},"236":{"start":{"line":539,"column":6},"end":{"line":539,"column":42}},"237":{"start":{"line":540,"column":6},"end":{"line":540,"column":34}},"238":{"start":{"line":544,"column":4},"end":{"line":564,"column":5}},"239":{"start":{"line":547,"column":6},"end":{"line":547,"column":63}},"240":{"start":{"line":548,"column":6},"end":{"line":557,"column":7}},"241":{"start":{"line":551,"column":8},"end":{"line":551,"column":45}},"242":{"start":{"line":552,"column":8},"end":{"line":552,"column":47}},"243":{"start":{"line":555,"column":8},"end":{"line":555,"column":45}},"244":{"start":{"line":556,"column":8},"end":{"line":556,"column":45}},"245":{"start":{"line":561,"column":11},"end":{"line":564,"column":5}},"246":{"start":{"line":563,"column":8},"end":{"line":563,"column":45}},"247":{"start":{"line":567,"column":4},"end":{"line":567,"column":23}},"248":{"start":{"line":570,"column":4},"end":{"line":570,"column":19}},"249":{"start":{"line":571,"column":4},"end":{"line":573,"column":5}},"250":{"start":{"line":572,"column":6},"end":{"line":572,"column":39}},"251":{"start":{"line":577,"column":4},"end":{"line":604,"column":5}},"252":{"start":{"line":582,"column":6},"end":{"line":582,"column":53}},"253":{"start":{"line":583,"column":6},"end":{"line":583,"column":34}},"254":{"start":{"line":585,"column":6},"end":{"line":587,"column":9}},"255":{"start":{"line":586,"column":8},"end":{"line":586,"column":38}},"256":{"start":{"line":586,"column":27},"end":{"line":586,"column":38}},"257":{"start":{"line":589,"column":6},"end":{"line":591,"column":8}},"258":{"start":{"line":590,"column":8},"end":{"line":590,"column":24}},"259":{"start":{"line":593,"column":6},"end":{"line":601,"column":8}},"260":{"start":{"line":594,"column":8},"end":{"line":594,"column":18}},"261":{"start":{"line":595,"column":8},"end":{"line":600,"column":9}},"262":{"start":{"line":596,"column":10},"end":{"line":596,"column":47}},"263":{"start":{"line":596,"column":29},"end":{"line":596,"column":47}},"264":{"start":{"line":599,"column":10},"end":{"line":599,"column":47}},"265":{"start":{"line":599,"column":25},"end":{"line":599,"column":47}},"266":{"start":{"line":603,"column":6},"end":{"line":603,"column":22}},"267":{"start":{"line":607,"column":4},"end":{"line":676,"column":5}},"268":{"start":{"line":608,"column":6},"end":{"line":608,"column":22}},"269":{"start":{"line":609,"column":6},"end":{"line":609,"column":22}},"270":{"start":{"line":610,"column":6},"end":{"line":610,"column":21}},"271":{"start":{"line":613,"column":6},"end":{"line":613,"column":48}},"272":{"start":{"line":614,"column":6},"end":{"line":614,"column":28}},"273":{"start":{"line":616,"column":6},"end":{"line":622,"column":8}},"274":{"start":{"line":617,"column":8},"end":{"line":617,"column":18}},"275":{"start":{"line":618,"column":8},"end":{"line":621,"column":9}},"276":{"start":{"line":619,"column":10},"end":{"line":619,"column":37}},"277":{"start":{"line":620,"column":10},"end":{"line":620,"column":31}},"278":{"start":{"line":626,"column":6},"end":{"line":637,"column":7}},"279":{"start":{"line":627,"column":8},"end":{"line":636,"column":10}},"280":{"start":{"line":628,"column":10},"end":{"line":628,"column":20}},"281":{"start":{"line":629,"column":10},"end":{"line":635,"column":11}},"282":{"start":{"line":631,"column":12},"end":{"line":631,"column":68}},"283":{"start":{"line":631,"column":42},"end":{"line":631,"column":68}},"284":{"start":{"line":634,"column":12},"end":{"line":634,"column":34}},"285":{"start":{"line":640,"column":6},"end":{"line":674,"column":9}},"286":{"start":{"line":642,"column":8},"end":{"line":642,"column":43}},"287":{"start":{"line":645,"column":8},"end":{"line":661,"column":9}},"288":{"start":{"line":648,"column":10},"end":{"line":648,"column":35}},"289":{"start":{"line":651,"column":10},"end":{"line":651,"column":51}},"290":{"start":{"line":651,"column":26},"end":{"line":651,"column":51}},"291":{"start":{"line":654,"column":10},"end":{"line":654,"column":47}},"292":{"start":{"line":658,"column":10},"end":{"line":660,"column":11}},"293":{"start":{"line":659,"column":12},"end":{"line":659,"column":45}},"294":{"start":{"line":665,"column":8},"end":{"line":672,"column":9}},"295":{"start":{"line":666,"column":10},"end":{"line":668,"column":12}},"296":{"start":{"line":667,"column":12},"end":{"line":667,"column":40}},"297":{"start":{"line":671,"column":10},"end":{"line":671,"column":38}},"298":{"start":{"line":681,"column":2},"end":{"line":681,"column":43}},"299":{"start":{"line":684,"column":2},"end":{"line":684,"column":33}},"300":{"start":{"line":687,"column":2},"end":{"line":692,"column":4}},"301":{"start":{"line":688,"column":4},"end":{"line":691,"column":5}},"302":{"start":{"line":689,"column":6},"end":{"line":689,"column":43}},"303":{"start":{"line":690,"column":6},"end":{"line":690,"column":45}},"304":{"start":{"line":694,"column":2},"end":{"line":703,"column":3}},"305":{"start":{"line":695,"column":4},"end":{"line":700,"column":5}},"306":{"start":{"line":696,"column":6},"end":{"line":696,"column":30}},"307":{"start":{"line":698,"column":6},"end":{"line":698,"column":48}},"308":{"start":{"line":699,"column":6},"end":{"line":699,"column":20}},"309":{"start":{"line":702,"column":4},"end":{"line":702,"column":18}},"310":{"start":{"line":705,"column":2},"end":{"line":705,"column":24}},"311":{"start":{"line":706,"column":2},"end":{"line":706,"column":13}},"312":{"start":{"line":712,"column":0},"end":{"line":712,"column":26}},"313":{"start":{"line":714,"column":0},"end":{"line":731,"column":1}},"314":{"start":{"line":715,"column":2},"end":{"line":728,"column":3}},"315":{"start":{"line":716,"column":4},"end":{"line":716,"column":49}},"316":{"start":{"line":718,"column":4},"end":{"line":727,"column":5}},"317":{"start":{"line":719,"column":6},"end":{"line":725,"column":7}},"318":{"start":{"line":721,"column":8},"end":{"line":721,"column":63}},"319":{"start":{"line":723,"column":8},"end":{"line":724,"column":87}},"320":{"start":{"line":724,"column":10},"end":{"line":724,"column":87}},"321":{"start":{"line":726,"column":6},"end":{"line":726,"column":38}},"322":{"start":{"li
[...]
que = challenge.opaque;","  }","","  if (cnonce) {","    params.nc = nc;","    params.cnonce = cnonce;","  }","","  header = []","  for (var k in params)","    header.push(k + '=\"' + params[k] + '\"')","","  return 'Digest ' + header.join(', ');","}","","module.exports = {","  header : get_header,","  basic  : basic,","  digest : digest.generate","}",""],"l":{"1":1,"3":1,"4":0,"8":0,"9":0,"10":0,"11":0,"18":1,"19":0,"22":1,"23":0,"24":0,"31":1,"33":1,"34":0,"37":0,"38":0,"42":0,"45":0,"48":1,"49":0,"50":0,"52":0,"53":0,"55":0,"56":0,"57":0,"60":1,"62":0,"66":0,"70":0,"71":0,"72":0,"73":0,"76":0,"78":0,"86":0,"87":0,"90":0,"91":0,"94":0,"95":0,"96":0,"99":0,"100":0,"101":0,"103":0,"106":1}},"/home/travis/build/npmtest/node-npmtest-needle/needle/lib/cookies.js":{"path":"/home/travis/build/npmtest/node-npmtest-needle/needle/lib/cookies.js","s":{"1":1,"2":1,"3":1,"4":1,"5":1,"6":1,"7":1,"8":1,"9":0,"10":1,"11":0,"12":0,"13":1,"14":0,"15":1,"16":0,"17":0,"18":0,"19":0,"20":0,"21":0,"22":1,"23":0,"24":0,"25":0,"26":0,"27":0,"28":0,"29":0,"30":0,"31":1,"32":0,"33":0,"34":0,"35":0,"36":0,"37":1,"38":1},"b":{"1":[0,0],"2":[0,0],"3":[0,0],"4":[0,0],"5":[0,0],"6":[0,0],"7":[0,0]},"f":{"1":0,"2":0,"3":0,"4":0,"5":0,"6":0,"7":0,"8":0},"fnMap":{"1":{"name":"cleanCookieString","line":22,"loc":{"start":{"line":22,"column":0},"end":{"line":22,"column":32}}},"2":{"name":"getFirstPair","line":26,"loc":{"start":{"line":26,"column":0},"end":{"line":26,"column":27}}},"3":{"name":"encodeCookieComponent","line":32,"loc":{"start":{"line":32,"column":0},"end":{"line":32,"column":36}}},"4":{"name":"parseSetCookieString","line":37,"loc":{"start":{"line":37,"column":0},"end":{"line":37,"column":35}}},"5":{"name":"parseSetCookieHeader","line":52,"loc":{"start":{"line":52,"column":0},"end":{"line":52,"column":38}}},"6":{"name":"(anonymous_6)","line":56,"loc":{"start":{"line":56,"column":23},"end":{"line":56,"column":42}}},"7":{"name":"writeCookieString","line":64,"loc":{"start":{"line":64,"column":0},"end":{"line":64,"column":32}}},"8":{"name":"(anonymous_8)","line":65,"loc":{"start":{"line":65,"column":33},"end":{"line":65,"column":53}}}},"statementMap":{"1":{"start":{"line":9,"column":0},"end":{"line":9,"column":47}},"2":{"start":{"line":12,"column":0},"end":{"line":12,"column":67}},"3":{"start":{"line":13,"column":0},"end":{"line":13,"column":64}},"4":{"start":{"line":14,"column":0},"end":{"line":14,"column":36}},"5":{"start":{"line":15,"column":0},"end":{"line":15,"column":40}},"6":{"start":{"line":18,"column":0},"end":{"line":18,"column":22}},"7":{"start":{"line":19,"column":0},"end":{"line":19,"column":22}},"8":{"start":{"line":22,"column":0},"end":{"line":24,"column":1}},"9":{"start":{"line":23,"column":2},"end":{"line":23,"column":42}},"10":{"start":{"line":26,"column":0},"end":{"line":29,"column":1}},"11":{"start":{"line":27,"column":2},"end":{"line":27,"column":34}},"12":{"start":{"line":28,"column":2},"end":{"line":28,"column":51}},"13":{"start":{"line":32,"column":0},"end":{"line":34,"column":1}},"14":{"start":{"line":33,"column":2},"end":{"line":33,"column":68}},"15":{"start":{"line":37,"column":0},"end":{"line":48,"column":1}},"16":{"start":{"line":38,"column":2},"end":{"line":38,"column":31}},"17":{"start":{"line":39,"column":2},"end":{"line":39,"column":26}},"18":{"start":{"line":41,"column":2},"end":{"line":41,"column":34}},"19":{"start":{"line":42,"column":2},"end":{"line":42,"column":45}},"20":{"start":{"line":42,"column":33},"end":{"line":42,"column":45}},"21":{"start":{"line":44,"column":2},"end":{"line":47,"column":4}},"22":{"start":{"line":52,"column":0},"end":{"line":61,"column":1}},"23":{"start":{"line":53,"column":2},"end":{"line":53,"column":25}},"24":{"start":{"line":53,"column":15},"end":{"line":53,"column":25}},"25":{"start":{"line":54,"column":2},"end":{"line":54,"column":57}},"26":{"start":{"line":56,"column":2},"end":{"line":60,"column":9}},"27":{"start":{"line":57,"column":4},"end":{"line":57,"column":43}},"28":{"start":{"line":58,"column":4},"end":{"line":58,"column":48}},"29":{"start":{"line":58,"column":16},"end":{"line":58,"column":48}},"30":{"start":{"line":59,"column":4},"end":{"line":59,"column":15}},"31":{"start":{"line":64,"column":0},"end":{"line":71,"column":1}},"32":{"start":{"line":65,"column":2},"end":{"line":70,"column":9}},"33":{"start":{"line":66,"column":4},"end":{"line":66,"column":51}},"34":{"start":{"line":67,"column":4},"end":{"line":67,"column":56}},"35":{"start":{"line":68,"column":4},"end":{"line":68,"column":64}},"36":{"start":{"line":69,"column":4},"end":{"line":69,"column":15}},"37":{"start":{"line":74,"column":0},"end":{"line":74,"column":36}},"38":{"start":{"line":77,"column":0},"end":{"line":77,"column":34}}},"branchMap":{"1":{"line":28,"type":"cond-expr","locations":[{"start":{"line":28,"column":24},"end":{"line":28,"column":27}},{"start":{"line":28,"column":30},"end":{"line":28,"column":50}}]},"2":{"line":42,"type":"if","locations":[{"start":{"line":42,"column":2},"end":{"line":42,"column":2}},{"start":{"line":42,"column":2},"end":{"line":42,"column":2}}]},"3":{"line":42,"type":"binary-expr","locations":[{"start":{"line":42,"column":6},"end":{"line":42,"column":10}},{"start":{"line":42,"column":14},"end":{"line":42,"column":31}}]},"4":{"line":53,"type":"if","locations":[{"start":{"line":53,"column":2},"end":{"line":53,"column":2}},{"start":{"line":53,"column":2},"end":{"line":53,"column":2}}]},"5":{"line":54,"type":"cond-expr","locations":[{"start":{"line":54,"column":39},"end":{"line":54,"column":45}},{"start":{"line":54,"column":48},"end":{"line":54,"column":56}}]},"6":{"line":58,"type":"if","locations":[{"start":{"line":58,"column":4},"end":{"line":58,"column":4}},{"start":{"line":58,"column":4},"end":{"line":58,"column":4}}]},"7":{"line":68,"type":"cond-expr","locations":[{"start":{"line":68,"column":18},"end":{"line":68,"column":22}},{"start":{"line":68,"column":25},"end":{"line":68,"column":27}}]}},"code":["//","//  Simple cookie handling implementation based on the standard RFC 6265.","//  This module just has two functionalities:","//    - Parse a set-cookie-header as a key value object","//    - Write a cookie-string from a key value object","//  All cookie attributes are ignored.","//","","var unescape = require('querystring').unescape;","","// RegExps","const COOKIE_PAIR        = /^([^=\\s]+)\\s*=\\s*(\"?)\\s*(.*)\\s*\\2\\s*$/;","const EXCLUDED_CHARS     = /[\\x00-\\x1F\\x7F\\x3B\\x3B\\s\\\"\\,\\\\\"%]/g;","const TRAILING_SEMICOLON = /\\x3B+$/;","const SEP_SEMICOLON      = /\\s*\\x3B\\s*/;","","// Constants","const KEY_INDEX   = 1; // index of key from COOKIE_PAIR match","const VALUE_INDEX = 3; // index of value from COOKIE_PAIR match","","// Returns a copy str trimmed and without trainling semicolon.","function cleanCookieString(str) {","  return str.trim().replace(/\\x3B+$/, '');","}","","function getFirstPair(str) {","  var index = str.indexOf('\\x3B');","  return index === -1 ? str : str.substr(0, index);","}","","// Returns a encoded copy of str based on RFC6265 S4.1.1.","function encodeCookieComponent(str) {","  return str.toString().replace(EXCLUDED_CHARS, encodeURIComponent);","}","","// Parses a set-cookie-string based on the standard defined in RFC6265 S4.1.1.","function parseSetCookieString(str) {","  str = cleanCookieString(str);","  str = getFirstPair(str);","","  var res = COOKIE_PAIR.exec(str);","  if (!res || !res[VALUE_INDEX]) return null;","","  return {","    name  : unescape(res[KEY_INDEX]),","    value : unescape(res[VALUE_INDEX])","  };","}","","// Parses a set-cookie-header and returns a key/value object.","// Each key represents the name of a cookie.","function parseSetCookieHeader(header) {","  if (!header) return {};","  header = (header instanceof Array) ? header : [header];","","  return header.reduce(function(res, str) {","    var cookie = parseSetCookieString(str);","    if (cookie) res[cookie.name] = cookie.value;","    return res;","  }, {});","}","","// Writes a set-cookie-string based on the standard definded in RFC6265 S4.1.1.","function writeCookieString(obj) {","  return Object.keys(obj).reduce(function(str, name) {","    var encodedName  = encodeCookieComponent(name);","    var encodedValue = encodeCookieComponent(obj[name]);","    str += (str ? '; ' : '') + encodedName + '=' + encodedValue;","    return str;","  }, '');","}","","// returns a key/val object from an array of cookie strings","exports.read = parseSetCookieHeader;","","// writes a cookie string header","exports.write = writeCookieString;"],"l":{"9":1,"12":1,"13":1,"14":1,"15":1,"18":1,"19":1,"22":1,"23":0,"26":1,"27":0,"28":0,"32":1,"33":0,"37":1,"38":0,"39":0,"41":0,"42":0,"44":0,"52":1,"53":0,"54":0,"56":0,"57":0,"58":0,"59":0,"64":1,"65":0,"66":0,"67":0,"68":0,"69":0,"74":1,"77":1}},"/home/travis/build/npmtest/node-npmtest-needle/needle/lib/parsers.js":{"path":"/home/travis/build/npmtest/node-npmtest-needle/needle/lib/parsers.js","s":{"1":1,"2":1,"3":1,"4":0,"5":0,"6":0,"7":0,"8":0,"9":0,"10":0,"11":0,"12":0,"13":0,"14":0,"15":0,"16":0,"17":0,"18":1,"19":1,"20":0,"21":0,"22":0,"23":0,"24":0,"25":1,"26":1,"27":1,"28":1,"29":0,"30":0,"31":0,"32":0,"33":0,"34":0},"b":{"1":[0,0]},"f":{"1":1,"2":0,"3":0,"4":0,"5":0,"6":0},"fnMap":{"1":{"name":"parserFactory","line":8,"loc":{"start":{"line":8,"column":0},"end":{"line":8,"column":33}}},"2":{"name":"parser","line":10,"loc":{"start":{"line":10,"column":2},"end":{"line":10,"column":20}}},"3":{"name":"(anonymous_3)","line":15,"loc":{"start":{"line":15,"column":24},"end":{"line":15,"column":56}}},"4":{"name":"(anonymous_4)","line":21,"loc":{"start":{"line":21,"column":20},"end":{"line":21,"column":35}}},"5":{"name":"(anonymous_5)","line":26,"loc":{"start":{"line":26,"column":17},"end":{"line":26,"column":39}}},"6":{"name":"(anonymous_6)","line":43,"loc":{"start":{"line":43,"column":33},"end":{"line":43,"column":54}}}},"statementMap":{"1":{"start":{"line":6,"column":0},"end":{"line":6,"column":44}},"2":{"start":{"line":8,"column":0},"end":{"line":41,"column":1}},"3":{"start":{"line":10,"column":2},"end":{"line":38,"column":3}},"4":{"start":{"line":11,"column":4},"end":{"line":12,"column":53}},"5":{"start":{"line":15,"column":4},"end":{"line":18,"column":5}},"6":{"start":{"line":16,"column":6},"end":{"line":16,"column":25}},"7":{"start":{"line":17,"column":6},"end":{"line":17,"column":13}},"8":{"start":{"line":21,"column":4},"end":{"line":35,"column":5}},"9":{"start":{"line":22,"column":6},"end":{"line":23,"column":39}},"10":{"start":{"line":25,"column":6},"end":{"line":34,"column":7}},"11":{"start":{"line":26,"column":8},"end":{"line":29,"column":11}},"12":{"start":{"line":27,"column":10},"end":{"line":27,"column":29}},"13":{"start":{"line":27,"column":19},"end":{"line":27,"column":29}},"14":{"start":{"line":28,"column":10},"end":{"line":28,"column":28}},"15":{"start":{"line":31,"column":8},"end":{"line":31,"column":24}},"16":{"start":{"line":33,"column":8},"end":{"line":33,"column":15}},"17":{"start":{"line":37,"column":4},"end":{"line":37,"column":18}},"18":{"start":{"line":40,"column":2},"end":{"line":40,"column":36}},"19":{"start":{"line":43,"column":0},"end":{"line":47,"column":3}},"20":{"start":{"line":44,"column":2},"end":{"line":44,"column":16}},"21":{"start":{"line":45,"column":2},"end":{"line":45,"column":59}},"22":{"start":{"line":45,"column":8},"end":{"line":45,"column":34}},"23":{"start":{"line":45,"column":49},"end":{"line":45,"column":57}},"24":{"start":{"line":46,"column":2},"end":{"line":46,"column":16}},"25":{"start":{"line":49,"column":0},"end":{"line":49,"column":42}},"26":{"start":{"line":50,"column":0},"end":{"line":50,"column":42}},"27":{"start":{"line":52,"column":0},"end":{"line":69,"column":37}},"28":{"start":{"line":54,"column":2},"end":{"line":54,"column":33}},"29":{"start":{"line":58,"column":2},"end":{"line":61,"column":24}},"30":{"start":{"line":63,"column":2},"end":{"line":63,"column":47}},"31":{"start":{"line":64,"column":2},"end":{"line":64,"column":47}},"32":{"start":{"line":65,"column":2},"end":{"line":65,"column":47}},"33":{"start":{"line":66,"column":2},"end":{"line":66,"column":47}},"34":{"start":{"line":67,"column":2},"end":{"line":67,"column":47}}},"branchMap":{"1":{"line":27,"type":"if","locations":[{"start":{"line":27,"column":10},"end":{"line":27,"column":10}},{"start":{"line":27,"column":10},"end":{"line":27,"column":10}}]}},"code":["//////////////////////////////////////////","// Defines mappings between content-type","// and the appropriate parsers.","//////////////////////////////////////////","","var Transform = require('stream').Transform;","","function parserFactory(name, fn) {","","  function parser() {","    var chunks = [],","        stream = new Transform({ objectMode: true });","","    // Buffer all our data","    stream._transform = function(chunk, encoding, done) {","      chunks.push(chunk);","      done();","    }","","    // And call the parser when all is there.","    stream._flush = function(done) {","      var self = this,","          data = Buffer.concat(chunks);","","      try {","        fn(data, function(err, result) {","          if (err) throw err;","          self.push(result);","        });","      } catch (err) {","        self.push(data); // just pass the original data","      } finally {","        done();","      }","    }","","    return stream;","  }","","  return { fn: parser, name: name };","}","","var json = parserFactory('json', function(buffer, cb) {","  var err, data;","  try { data = JSON.parse(buffer); } catch (e) { err = e; }","  cb(err, data);","});","","module.exports['application/json'] = json;","module.exports['text/javascript']  = json;","","try {","","  var xml2js = require('xml2js');","","  // xml2js.Parser.parseString() has the exact same function signature","  // as our ParseStream expects, so we can reuse this.","  var xml = parserFactory('xml', new xml2js.Parser({","    explicitRoot : true,","    explicitArray: false","  }).parseString, true);","","  module.exports['text/xml']             = xml;","  module.exports['application/xml']      = xml;","  module.exports['application/rdf+xml']  = xml;","  module.exports['application/rss+xml']  = xml;","  module.exports['application/atom+xml'] = xml;","","} catch(e) { /* xml2js not found */ }",""],"l":{"6":1,"8":1,"10":1,"11":0,"15":0,"16":0,"17":0,"21":0,"22":0,"25":0,"26":0,"27":0,"28":0,"31":0,"33":0,"37":0,"40":1,"43":1,"44":0,"45":0,"46":0,"49":1,"50":1,"52":1,"54":1,"58":0,"63":0,"64":0,"65":0,"66":0,"67":0}},"/home/travis/build/npmtest/node-npmtest-needle/needle/lib/decoder.js":{"path":"/home/travis/build/npmtest/node-npmtest-needle/needle/lib/decoder.js","s":{"1":1,"2":1,"3":1,"4":1,"5":0,"6":0,"7":0,"8":0,"9":0,"10":1,"11":0,"12":0,"13":0,"14":0,"15":0,"16":0,"17":0,"18":0,"19":0,"20":0,"21":0,"22":0,"23":1,"24":0,"25":0,"26":0,"27":0,"28":0,"29":0},"b":{"1":[0,0],"2":[0,0],"3":[0,0],"4":[0,0],"5":[0,0],"6":[0,0],"7":[0,0]},"f":{"1":0,"2":0,"3":0},"fnMap":{"1":{"name":"StreamDecoder","line":9,"loc":{"start":{"line":9,"column":0},"end":{"line":9,"column":32}}},"2":{"name":"(anonymous_2)","line":18,"loc":{"start":{"line":18,"column":37},"end":{"line":18,"column":69}}},"3":{"name":"(anonymous_3)","line":42,"loc":{"start":{"line":42,"column":17},"end":{"line":42,"column":35}}}},"statementMap":{"1":{"start":{"line":1,"column":0},"end":{"line":3,"column":34}},"2":{"start":{"line":5,"column":0},"end":{"line":5,"column":59}},"3":{"start":{"line":7,"column":0},"end":{"line":7,"column":42}},"4":{"start":{"line":9,"column":0},"end":{"line":16,"column":1}},"5":{"start":{"line":10,"column":2},"end":{"line":11,"column":38}},"6":{"start":{"line":11,"column":4},"end":{"line":11,"column":38}},"7":{"start":{"line":13,"column":2},"end":{"line":13,"column":39}},"8":{"start":{"line":14,"column":2},"end":{"line":14,"column":25}},"9":{"start":{"line":15,"column":2},"end":{"line":15,"column":28}},"10":{"start":{"line":18,"column":0},"end":{"line":40,"column":1}},"11":{"start":{"line":19,"column":2},"end":{"line":19,"column":17}},"12":{"start":{"line":22,"column":2},"end":{"line":30,"column":3}},"13":{"start":{"line":23,"column":4},"end":{"line":23,"column":29}},"14":{"start":{"line":25,"column":4},"end":{"line":25,"column":47}},"15":{"start":{"line":26,"column":4},"end":{"line":29,"column":5}},"16":{"start":{"line":27,"column":6},"end":{"line":27,"column":39}},"17":{"start":{"line":28,"column":6},"end":{"line":28,"column":55}},"18":{"start":{"line":32,"column":2},"end":{"line":36,"column":3}},"19":{"start":{"line":33,"column":4},"end":{"line":33,"column":44}},"20":{"start":{"line":35,"column":4},"end":{"line":35,"column":16}},"21":{"start":{"line":38,"column":2},"end":{"line":38,"column":17}},"22":{"start":{"line":39,"column":2},"end":{"line":39,"column":9}},"23":{"start":{"line":42,"column":0},"end":{"line":53,"column":1}},"24":{"start":{"line":43,"column":2},"end":{"line":47,"column":3}},"25":{"start":{"line":44,"column":4},"end":{"line":44,"column":46}},"26":{"start":{"line":44,"column":16},"end":{"line":44,"column":46}},"27":{"start":{"line":49,"column":2},"end":{"line":52,"column":34}},"28":{"start":{"line":50,"column":4},"end":{"line":50,"column":38}},"29":{"start":{"line":52,"column":4},"end":{"line":52,"column":34}}},"branchMap":{"1":{"line":10,"type":"if","locations":[{"start":{"line":10,"column":2},"end":{"line":10,"column":2}},{"start":{"line":10,"column":2},"end":{"line":10,"column":2}}]},"2":{"line":22,"type":"if","locations":[{"start":{"line":22,"column":2},"end":{"line":22,"column":2}},{"start":{"line":22,"column":2},"end":{"line":22,"column":2}}]},"3":{"line":22,"type":"binary-expr","locations":[{"start":{"line":22,"column":6},"end":{"line":22,"column":34}},{"start":{"line":22,"column":38},"end":{"line":22,"column":56}}]},"4":{"line":26,"type":"if","locations":[{"start":{"line":26,"column":4},"end":{"line":26,"column":4}},{"start":{"line":26,"column":4},"end":{"line":26,"column":4}}]},"5":{"line":28,"type":"cond-expr","locations":[{"start":{"line":28,"column":40},"end":{"line":28,"column":46}},{"start":{"line":28,"column":49},"end":{"line":28,"column":54}}]},"6":{"line":44,"type":"if","locations":[{"start":{"line":44,"column":4},"end":{"line":44,"column":4}},{"start":{"line":44,"column":4},"end":{"line":44,"column":4}}]},"7":{"line":49,"type":"if","locations":[{"start":{"line":49,"column":2},"end":{"line":49,"column":2}},{"start":{"line":49,"column":2},"end":{"line":49,"column":2}}]}},"code":["var iconv,","    inherits  = require('util').inherits,","    stream    = require('stream');","","var regex = /(?:charset|encoding)\\s*=\\s*['\"]? *([\\w\\-]+)/i;","","inherits(StreamDecoder, stream.Transform);","","function StreamDecoder(charset) {","  if (!(this instanceof StreamDecoder))","    return new StreamDecoder(charset);","","  stream.Transform.call(this, charset);","  this.charset = charset;","  this.parsed_chunk = false;","}","","StreamDecoder.prototype._transform = function(chunk, encoding, done) {","  var res, found;","","  // try get charset from chunk, just once","  if (this.charset == 'iso-8859-1' && !this.parsed_chunk) {","    this.parsed_chunk = true;","","    var matches = regex.exec(chunk.toString());","    if (matches) {","      found = matches[1].toLowerCase();","      this.charset = found == 'utf-8' ? 'utf8' : found;","    }","  }","","  try {","    res = iconv.decode(chunk, this.charset);","  } catch(e) { // something went wrong, just return original chunk","    res = chunk;","  }","","  this.push(res);","  done();","}","","module.exports = function(charset) {","  try {","    if (!iconv) iconv = require('iconv-lite');","  } catch(e) {","    /* iconv not found */","  }","","  if (iconv)","    return new StreamDecoder(charset);","  else","    return new stream.PassThrough;","}",""],"l":{"1":1,"5":1,"7":1,"9":1,"10":0,"11":0,"13":0,"14":0,"15":0,"18":1,"19":0,"22":0,"23":0,"25":0,"26":0,"27":0,"28":0,"32":0,"33":0,"35":0,"38":0,"39":0,"42":1,"43":0,"44":0,"49":0,"50":0,"52":0}}}